#
# There is insufficient memory for the Java Runtime Environment to continue.
# Native memory allocation (mmap) failed to map 284164096 bytes for Failed to commit area from 0x0000000090f00000 to 0x00000000a1e00000 of length 284164096.
# Possible reasons:
#   The system is out of physical RAM or swap space
#   The process is running with CompressedOops enabled, and the Java Heap may be blocking the growth of the native heap
# Possible solutions:
#   Reduce memory load on the system
#   Increase physical memory or swap space
#   Check if swap backing store is full
#   Decrease Java heap size (-Xmx/-Xms)
#   Decrease number of Java threads
#   Decrease Java thread stack sizes (-Xss)
#   Set larger code cache with -XX:ReservedCodeCacheSize=
#   JVM is running with Unscaled Compressed Oops mode in which the Java heap is
#     placed in the first 4GB address space. The Java Heap base address is the
#     maximum limit for the native heap growth. Please use -XX:HeapBaseMinAddress
#     to set the Java Heap base and to place the Java Heap above 4GB virtual address.
# This output file may be truncated or incomplete.
#
#  Out of Memory Error (./src/hotspot/os/windows/os_windows.cpp:3301), pid=916, tid=6468
#
# JRE version: OpenJDK Runtime Environment (11.0.10) (build 11.0.10+0-b96-7249189)
# Java VM: OpenJDK 64-Bit Server VM (11.0.10+0-b96-7249189, mixed mode, tiered, compressed oops, g1 gc, windows-amd64)
# No core dump will be written. Minidumps are not enabled by default on client versions of Windows
#

---------------  S U M M A R Y ------------

Command Line: --add-opens=java.base/java.util=ALL-UNNAMED --add-opens=java.base/java.lang=ALL-UNNAMED --add-opens=java.base/java.lang.invoke=ALL-UNNAMED --add-opens=java.base/java.util=ALL-UNNAMED --add-opens=java.prefs/java.util.prefs=ALL-UNNAMED --add-opens=java.prefs/java.util.prefs=ALL-UNNAMED --add-opens=java.base/java.nio.charset=ALL-UNNAMED --add-opens=java.base/java.net=ALL-UNNAMED --add-opens=java.base/java.util.concurrent.atomic=ALL-UNNAMED -Xmx2048m -Dfile.encoding=UTF-8 -Duser.country=RU -Duser.language=ru -Duser.variant org.gradle.launcher.daemon.bootstrap.GradleDaemon 7.0.2

Host: Intel(R) Core(TM) i5-6200U CPU @ 2.30GHz, 4 cores, 5G,  Windows 10 , 64 bit Build 17763 (10.0.17763.2452)
Time: Sun Mar  6 23:16:42 2022 RTZ 2 (ceia) elapsed time: 24.688101 seconds (0d 0h 0m 24s)

---------------  T H R E A D  ---------------

Current thread (0x0000024a508e8000):  VMThread "VM Thread" [stack: 0x00000060c4600000,0x00000060c4700000] [id=6468]

Stack: [0x00000060c4600000,0x00000060c4700000]
[error occurred during error reporting (printing stack bounds), id 0xc0000005, EXCEPTION_ACCESS_VIOLATION (0xc0000005) at pc=0x0000024a3a810f2d]

Native frames: (J=compiled Java code, j=interpreted, Vv=VM code, C=native code)
V  [jvm.dll+0x5ecfaa]
V  [jvm.dll+0x722bd5]
V  [jvm.dll+0x72412d]
V  [jvm.dll+0x724745]
V  [jvm.dll+0x7246fb]
V  [jvm.dll+0x5ec348]
V  [jvm.dll+0x5ecad8]
C  [ntdll.dll+0xa4a2f]
C  [ntdll.dll+0x4cef]
C  [ntdll.dll+0xa379e]
C  0x0000024a3a810f2d

VM_Operation (0x00000060c6ff8ee0): G1CollectForAllocation, mode: safepoint, requested by thread 0x0000024a54ba7800


---------------  P R O C E S S  ---------------

Threads class SMR info:
_java_thread_list=0x0000024a512e4750, length=51, elements={
0x0000024a36d30800, 0x0000024a508ec800, 0x0000024a508ee000, 0x0000024a5090c800,
0x0000024a5090d800, 0x0000024a50910000, 0x0000024a50913800, 0x0000024a50918800,
0x0000024a5091d800, 0x0000024a513b6000, 0x0000024a535ca800, 0x0000024a51992000,
0x0000024a52cd5800, 0x0000024a52b61800, 0x0000024a52286000, 0x0000024a524a9000,
0x0000024a532b8000, 0x0000024a536fe800, 0x0000024a527c0800, 0x0000024a542fe800,
0x0000024a542fd000, 0x0000024a54303800, 0x0000024a54300800, 0x0000024a54301000,
0x0000024a54302800, 0x0000024a54302000, 0x0000024a542fe000, 0x0000024a542ff800,
0x0000024a54b9d800, 0x0000024a54b9e800, 0x0000024a54ba0000, 0x0000024a54ba1000,
0x0000024a54b9b000, 0x0000024a54ba2800, 0x0000024a54b9d000, 0x0000024a54ba6000,
0x0000024a54ba6800, 0x0000024a54ba7800, 0x0000024a54ba8800, 0x0000024a54ba9000,
0x0000024a54ba3800, 0x0000024a54baa000, 0x0000024a54ba5000, 0x0000024a56c68800,
0x0000024a56c69800, 0x0000024a56c6a800, 0x0000024a56c6b000, 0x0000024a56c68000,
0x0000024a56c66800, 0x0000024a56c6c000, 0x0000024a56c6d000
}

Java Threads: ( => current thread )
  0x0000024a36d30800 JavaThread "main" [_thread_blocked, id=11852, stack(0x00000060c4000000,0x00000060c4100000)]
  0x0000024a508ec800 JavaThread "Reference Handler" daemon [_thread_blocked, id=12308, stack(0x00000060c4700000,0x00000060c4800000)]
  0x0000024a508ee000 JavaThread "Finalizer" daemon [_thread_blocked, id=6316, stack(0x00000060c4800000,0x00000060c4900000)]
  0x0000024a5090c800 JavaThread "Signal Dispatcher" daemon [_thread_blocked, id=13264, stack(0x00000060c4900000,0x00000060c4a00000)]
  0x0000024a5090d800 JavaThread "Attach Listener" daemon [_thread_blocked, id=11768, stack(0x00000060c4a00000,0x00000060c4b00000)]
  0x0000024a50910000 JavaThread "Service Thread" daemon [_thread_blocked, id=3176, stack(0x00000060c4b00000,0x00000060c4c00000)]
  0x0000024a50913800 JavaThread "C2 CompilerThread0" daemon [_thread_blocked, id=9852, stack(0x00000060c4c00000,0x00000060c4d00000)]
  0x0000024a50918800 JavaThread "C1 CompilerThread0" daemon [_thread_blocked, id=10896, stack(0x00000060c4d00000,0x00000060c4e00000)]
  0x0000024a5091d800 JavaThread "Sweeper thread" daemon [_thread_blocked, id=12100, stack(0x00000060c4e00000,0x00000060c4f00000)]
  0x0000024a513b6000 JavaThread "Common-Cleaner" daemon [_thread_blocked, id=10716, stack(0x00000060c4f00000,0x00000060c5000000)]
  0x0000024a535ca800 JavaThread "Daemon health stats" [_thread_blocked, id=12332, stack(0x00000060c5300000,0x00000060c5400000)]
  0x0000024a51992000 JavaThread "Incoming local TCP Connector on port 51975" [_thread_in_native, id=12440, stack(0x00000060c5100000,0x00000060c5200000)]
  0x0000024a52cd5800 JavaThread "Daemon periodic checks" [_thread_blocked, id=2788, stack(0x00000060c5400000,0x00000060c5500000)]
  0x0000024a52b61800 JavaThread "Daemon" [_thread_blocked, id=6476, stack(0x00000060c5500000,0x00000060c5600000)]
  0x0000024a52286000 JavaThread "Handler for socket connection from /127.0.0.1:51975 to /127.0.0.1:51976" [_thread_in_native, id=11808, stack(0x00000060c5600000,0x00000060c5700000)]
  0x0000024a524a9000 JavaThread "Cancel handler" [_thread_blocked, id=7760, stack(0x00000060c5800000,0x00000060c5900000)]
  0x0000024a532b8000 JavaThread "Daemon worker" [_thread_blocked, id=6452, stack(0x00000060c5900000,0x00000060c5a00000)]
  0x0000024a536fe800 JavaThread "Asynchronous log dispatcher for DefaultDaemonConnection: socket connection from /127.0.0.1:51975 to /127.0.0.1:51976" [_thread_blocked, id=12752, stack(0x00000060c5a00000,0x00000060c5b00000)]
  0x0000024a527c0800 JavaThread "Stdin handler" [_thread_blocked, id=10836, stack(0x00000060c5b00000,0x00000060c5c00000)]
  0x0000024a542fe800 JavaThread "Daemon client event forwarder" [_thread_blocked, id=11392, stack(0x00000060c5c00000,0x00000060c5d00000)]
  0x0000024a542fd000 JavaThread "Cache worker for file hash cache (C:\Users\mzenin\.gradle\caches\7.0.2\fileHashes)" [_thread_blocked, id=11340, stack(0x00000060c5f00000,0x00000060c6000000)]
  0x0000024a54303800 JavaThread "File lock request listener" [_thread_in_native, id=7052, stack(0x00000060c6000000,0x00000060c6100000)]
  0x0000024a54300800 JavaThread "Cache worker for journal cache (C:\Users\mzenin\.gradle\caches\journal-1)" [_thread_blocked, id=7648, stack(0x00000060c6100000,0x00000060c6200000)]
  0x0000024a54301000 JavaThread "Cache worker for file hash cache (D:\gamm\AndroidStudioProjects\TheOfficeQuiz\.gradle\7.0.2\fileHashes)" [_thread_blocked, id=12760, stack(0x00000060c5700000,0x00000060c5800000)]
  0x0000024a54302800 JavaThread "File watcher server" daemon [_thread_blocked, id=3116, stack(0x00000060c6200000,0x00000060c6300000)]
  0x0000024a54302000 JavaThread "File watcher consumer" daemon [_thread_blocked, id=11184, stack(0x00000060c6300000,0x00000060c6400000)]
  0x0000024a542fe000 JavaThread "Cache worker for checksums cache (D:\gamm\AndroidStudioProjects\TheOfficeQuiz\.gradle\checksums)" [_thread_blocked, id=8104, stack(0x00000060c6400000,0x00000060c6500000)]
  0x0000024a542ff800 JavaThread "Cache worker for cache directory md-supplier (C:\Users\mzenin\.gradle\caches\7.0.2\md-supplier)" [_thread_blocked, id=1764, stack(0x00000060c6500000,0x00000060c6600000)]
  0x0000024a54b9d800 JavaThread "Cache worker for cache directory md-rule (C:\Users\mzenin\.gradle\caches\7.0.2\md-rule)" [_thread_blocked, id=13088, stack(0x00000060c6600000,0x00000060c6700000)]
  0x0000024a54b9e800 JavaThread "Cache worker for execution history cache (C:\Users\mzenin\.gradle\caches\7.0.2\executionHistory)" [_thread_blocked, id=11072, stack(0x00000060c6700000,0x00000060c6800000)]
  0x0000024a54ba0000 JavaThread "jar transforms" [_thread_blocked, id=10136, stack(0x00000060c6800000,0x00000060c6900000)]
  0x0000024a54ba1000 JavaThread "jar transforms Thread 2" [_thread_blocked, id=1068, stack(0x00000060c6900000,0x00000060c6a00000)]
  0x0000024a54b9b000 JavaThread "Cache worker for file content cache (C:\Users\mzenin\.gradle\caches\7.0.2\fileContent)" [_thread_blocked, id=11028, stack(0x00000060c6a00000,0x00000060c6b00000)]
  0x0000024a54ba2800 JavaThread "Cache worker for dependencies-accessors (D:\gamm\AndroidStudioProjects\TheOfficeQuiz\.gradle\7.0.2\dependencies-accessors)" [_thread_blocked, id=7188, stack(0x00000060c6b00000,0x00000060c6c00000)]
  0x0000024a54b9d000 JavaThread "jar transforms Thread 3" [_thread_blocked, id=2736, stack(0x00000060c6c00000,0x00000060c6d00000)]
  0x0000024a54ba6000 JavaThread "Cache worker for Build Output Cleanup Cache (D:\gamm\AndroidStudioProjects\TheOfficeQuiz\.gradle\buildOutputCleanup)" [_thread_blocked, id=2364, stack(0x00000060c6d00000,0x00000060c6e00000)]
  0x0000024a54ba6800 JavaThread "Build operations" [_thread_blocked, id=11324, stack(0x00000060c6e00000,0x00000060c6f00000)]
  0x0000024a54ba7800 JavaThread "Build operations Thread 2" [_thread_blocked, id=1908, stack(0x00000060c6f00000,0x00000060c7000000)]
  0x0000024a54ba8800 JavaThread "Build operations Thread 3" [_thread_blocked, id=3276, stack(0x00000060c7000000,0x00000060c7100000)]
  0x0000024a54ba9000 JavaThread "Build operations Thread 4" [_thread_blocked, id=11384, stack(0x00000060c7100000,0x00000060c7200000)]
  0x0000024a54ba3800 JavaThread "jar transforms Thread 4" [_thread_blocked, id=984, stack(0x00000060c7200000,0x00000060c7300000)]
  0x0000024a54baa000 JavaThread "Memory manager" [_thread_blocked, id=12520, stack(0x00000060c7300000,0x00000060c7400000)]
  0x0000024a54ba5000 JavaThread "build event listener" [_thread_blocked, id=9896, stack(0x00000060c7400000,0x00000060c7500000)]
  0x0000024a56c68800 JavaThread "Execution worker for ':'" [_thread_blocked, id=2488, stack(0x00000060c7500000,0x00000060c7600000)]
  0x0000024a56c69800 JavaThread "Execution worker for ':' Thread 2" [_thread_blocked, id=12596, stack(0x00000060c7600000,0x00000060c7700000)]
  0x0000024a56c6a800 JavaThread "Execution worker for ':' Thread 3" [_thread_blocked, id=8212, stack(0x00000060c7700000,0x00000060c7800000)]
  0x0000024a56c6b000 JavaThread "Cache worker for execution history cache (D:\gamm\AndroidStudioProjects\TheOfficeQuiz\.gradle\7.0.2\executionHistory)" [_thread_blocked, id=8216, stack(0x00000060c7800000,0x00000060c7900000)]
  0x0000024a56c68000 JavaThread "WorkerExecutor Queue" [_thread_blocked, id=11920, stack(0x00000060c7900000,0x00000060c7a00000)]
  0x0000024a56c66800 JavaThread "WorkerExecutor Queue Thread 2" [_thread_blocked, id=10788, stack(0x00000060c7a00000,0x00000060c7b00000)]
  0x0000024a56c6c000 JavaThread "WorkerExecutor Queue Thread 3" [_thread_blocked, id=704, stack(0x00000060c7b00000,0x00000060c7c00000)]
  0x0000024a56c6d000 JavaThread "WorkerExecutor Queue Thread 4" [_thread_blocked, id=11928, stack(0x00000060c7c00000,0x00000060c7d00000)]

Other Threads:
=>0x0000024a508e8000 VMThread "VM Thread" [stack: 0x00000060c4600000,0x00000060c4700000] [id=6468]
  0x0000024a51425000 WatcherThread [stack: 0x00000060c5000000,0x00000060c5100000] [id=1828]
  0x0000024a36d48000 GCTaskThread "GC Thread#0" [stack: 0x00000060c4100000,0x00000060c4200000] [id=13124]
  0x0000024a520e3800 GCTaskThread "GC Thread#1" [stack: 0x00000060c5200000,0x00000060c5300000] [id=8260]
  0x0000024a53c27000 GCTaskThread "GC Thread#2" [stack: 0x00000060c5d00000,0x00000060c5e00000] [id=360]
  0x0000024a54ab2800 GCTaskThread "GC Thread#3" [stack: 0x00000060c5e00000,0x00000060c5f00000] [id=6600]
  0x0000024a36d79000 ConcurrentGCThread "G1 Main Marker" [stack: 0x00000060c4200000,0x00000060c4300000] [id=7264]
  0x0000024a36d7b800 ConcurrentGCThread "G1 Conc#0" [stack: 0x00000060c4300000,0x00000060c4400000] [id=7908]
  0x0000024a36df3800 ConcurrentGCThread "G1 Refine#0" [stack: 0x00000060c4400000,0x00000060c4500000] [id=10604]
  0x0000024a36df4800 ConcurrentGCThread "G1 Young RemSet Sampling" [stack: 0x00000060c4500000,0x00000060c4600000] [id=12880]

Threads with active compile tasks:
C2 CompilerThread0  24787 13496 %     4       com.android.tools.r8.internal.Nv::a @ 13 (455 bytes)
C1 CompilerThread0  24787 13686       3       com.android.tools.r8.internal.P1::a (685 bytes)

VM state:at safepoint (normal execution)

VM Mutex/Monitor currently owned by a thread:  ([mutex/lock_event])
[0x0000024a34b6bb90] Threads_lock - owner thread: 0x0000024a508e8000
[0x0000024a34b6b320] Heap_lock - owner thread: 0x0000024a54ba7800

Heap address: 0x0000000080000000, size: 2048 MB, Compressed Oops mode: 32-bit
Narrow klass base: 0x0000000000000000, Narrow klass shift: 3
Compressed class space size: 1073741824 Address: 0x0000000100000000

Heap:
 garbage-first heap   total 555008K, used 130033K [0x0000000080000000, 0x0000000100000000)
  region size 1024K, 11 young (11264K), 11 survivors (11264K)
 Metaspace       used 99148K, capacity 101809K, committed 102040K, reserved 1136640K
  class space    used 12906K, capacity 13937K, committed 14028K, reserved 1048576K
Heap Regions: E=young(eden), S=young(survivor), O=old, HS=humongous(starts), HC=humongous(continues), CS=collection set, F=free, A=archive, TAMS=top-at-mark-start (previous, next)
|   0|0x0000000080000000, 0x0000000080100000, 0x0000000080100000|100%| O|  |TAMS 0x0000000080100000, 0x0000000080000000| Untracked 
|   1|0x0000000080100000, 0x0000000080200000, 0x0000000080200000|100%| O|  |TAMS 0x0000000080200000, 0x0000000080100000| Untracked 
|   2|0x0000000080200000, 0x0000000080300000, 0x0000000080300000|100%| O|  |TAMS 0x0000000080300000, 0x0000000080200000| Untracked 
|   3|0x0000000080300000, 0x0000000080400000, 0x0000000080400000|100%|HS|  |TAMS 0x0000000080400000, 0x0000000080300000| Complete 
|   4|0x0000000080400000, 0x0000000080500000, 0x0000000080500000|100%|HC|  |TAMS 0x0000000080500000, 0x0000000080400000| Complete 
|   5|0x0000000080500000, 0x0000000080600000, 0x0000000080600000|100%|HC|  |TAMS 0x0000000080600000, 0x0000000080500000| Complete 
|   6|0x0000000080600000, 0x0000000080700000, 0x0000000080700000|100%| O|  |TAMS 0x0000000080700000, 0x0000000080600000| Untracked 
|   7|0x0000000080700000, 0x0000000080800000, 0x0000000080800000|100%| O|  |TAMS 0x0000000080800000, 0x0000000080700000| Untracked 
|   8|0x0000000080800000, 0x0000000080900000, 0x0000000080900000|100%| O|  |TAMS 0x0000000080900000, 0x0000000080800000| Untracked 
|   9|0x0000000080900000, 0x0000000080a00000, 0x0000000080a00000|100%| O|  |TAMS 0x0000000080a00000, 0x0000000080900000| Untracked 
|  10|0x0000000080a00000, 0x0000000080b00000, 0x0000000080b00000|100%| O|  |TAMS 0x0000000080b00000, 0x0000000080a00000| Untracked 
|  11|0x0000000080b00000, 0x0000000080c00000, 0x0000000080c00000|100%| O|  |TAMS 0x0000000080c00000, 0x0000000080b00000| Untracked 
|  12|0x0000000080c00000, 0x0000000080d00000, 0x0000000080d00000|100%| O|  |TAMS 0x0000000080d00000, 0x0000000080c00000| Untracked 
|  13|0x0000000080d00000, 0x0000000080e00000, 0x0000000080e00000|100%| O|  |TAMS 0x0000000080e00000, 0x0000000080d00000| Untracked 
|  14|0x0000000080e00000, 0x0000000080f00000, 0x0000000080f00000|100%| O|  |TAMS 0x0000000080f00000, 0x0000000080e00000| Untracked 
|  15|0x0000000080f00000, 0x0000000081000000, 0x0000000081000000|100%| O|  |TAMS 0x0000000081000000, 0x0000000080f00000| Untracked 
|  16|0x0000000081000000, 0x0000000081100000, 0x0000000081100000|100%|HS|  |TAMS 0x0000000081100000, 0x0000000081000000| Complete 
|  17|0x0000000081100000, 0x0000000081200000, 0x0000000081200000|100%| O|  |TAMS 0x0000000081200000, 0x0000000081100000| Untracked 
|  18|0x0000000081200000, 0x0000000081300000, 0x0000000081300000|100%| O|  |TAMS 0x0000000081300000, 0x0000000081200000| Untracked 
|  19|0x0000000081300000, 0x0000000081400000, 0x0000000081400000|100%| O|  |TAMS 0x0000000081400000, 0x0000000081300000| Untracked 
|  20|0x0000000081400000, 0x0000000081500000, 0x0000000081500000|100%| O|  |TAMS 0x0000000081500000, 0x0000000081400000| Untracked 
|  21|0x0000000081500000, 0x0000000081600000, 0x0000000081600000|100%| O|  |TAMS 0x0000000081600000, 0x0000000081500000| Untracked 
|  22|0x0000000081600000, 0x0000000081700000, 0x0000000081700000|100%| O|  |TAMS 0x0000000081700000, 0x0000000081600000| Untracked 
|  23|0x0000000081700000, 0x0000000081800000, 0x0000000081800000|100%| O|  |TAMS 0x0000000081800000, 0x0000000081700000| Untracked 
|  24|0x0000000081800000, 0x0000000081900000, 0x0000000081900000|100%| O|  |TAMS 0x0000000081900000, 0x0000000081800000| Untracked 
|  25|0x0000000081900000, 0x0000000081a00000, 0x0000000081a00000|100%| O|  |TAMS 0x0000000081a00000, 0x0000000081900000| Untracked 
|  26|0x0000000081a00000, 0x0000000081b00000, 0x0000000081b00000|100%| O|  |TAMS 0x0000000081b00000, 0x0000000081a00000| Untracked 
|  27|0x0000000081b00000, 0x0000000081c00000, 0x0000000081c00000|100%|HS|  |TAMS 0x0000000081c00000, 0x0000000081b00000| Complete 
|  28|0x0000000081c00000, 0x0000000081d00000, 0x0000000081d00000|100%|HS|  |TAMS 0x0000000081d00000, 0x0000000081c00000| Complete 
|  29|0x0000000081d00000, 0x0000000081e00000, 0x0000000081e00000|100%|HC|  |TAMS 0x0000000081e00000, 0x0000000081d00000| Complete 
|  30|0x0000000081e00000, 0x0000000081f00000, 0x0000000081f00000|100%| O|  |TAMS 0x0000000081f00000, 0x0000000081e00000| Untracked 
|  31|0x0000000081f00000, 0x0000000082000000, 0x0000000082000000|100%| O|  |TAMS 0x0000000082000000, 0x0000000081f00000| Untracked 
|  32|0x0000000082000000, 0x0000000082100000, 0x0000000082100000|100%| O|  |TAMS 0x0000000082100000, 0x0000000082000000| Untracked 
|  33|0x0000000082100000, 0x0000000082200000, 0x0000000082200000|100%| O|  |TAMS 0x0000000082200000, 0x0000000082100000| Untracked 
|  34|0x0000000082200000, 0x0000000082300000, 0x0000000082300000|100%| O|  |TAMS 0x0000000082300000, 0x0000000082200000| Untracked 
|  35|0x0000000082300000, 0x0000000082400000, 0x0000000082400000|100%| O|  |TAMS 0x0000000082400000, 0x0000000082300000| Untracked 
|  36|0x0000000082400000, 0x0000000082500000, 0x0000000082500000|100%| O|  |TAMS 0x0000000082500000, 0x0000000082400000| Untracked 
|  37|0x0000000082500000, 0x0000000082600000, 0x0000000082600000|100%| O|  |TAMS 0x0000000082600000, 0x0000000082500000| Untracked 
|  38|0x0000000082600000, 0x0000000082700000, 0x0000000082700000|100%| O|  |TAMS 0x0000000082700000, 0x0000000082600000| Untracked 
|  39|0x0000000082700000, 0x0000000082800000, 0x0000000082800000|100%| O|  |TAMS 0x0000000082800000, 0x0000000082700000| Untracked 
|  40|0x0000000082800000, 0x0000000082900000, 0x0000000082900000|100%| O|  |TAMS 0x0000000082900000, 0x0000000082800000| Untracked 
|  41|0x0000000082900000, 0x0000000082a00000, 0x0000000082a00000|100%| O|  |TAMS 0x0000000082a00000, 0x0000000082900000| Untracked 
|  42|0x0000000082a00000, 0x0000000082b00000, 0x0000000082b00000|100%| O|  |TAMS 0x0000000082b00000, 0x0000000082a00000| Untracked 
|  43|0x0000000082b00000, 0x0000000082c00000, 0x0000000082c00000|100%| O|  |TAMS 0x0000000082c00000, 0x0000000082b00000| Untracked 
|  44|0x0000000082c00000, 0x0000000082d00000, 0x0000000082d00000|100%| O|  |TAMS 0x0000000082d00000, 0x0000000082c00000| Untracked 
|  45|0x0000000082d00000, 0x0000000082e00000, 0x0000000082e00000|100%| O|  |TAMS 0x0000000082e00000, 0x0000000082d00000| Untracked 
|  46|0x0000000082e00000, 0x0000000082f00000, 0x0000000082f00000|100%| O|  |TAMS 0x0000000082f00000, 0x0000000082e00000| Untracked 
|  47|0x0000000082f00000, 0x0000000083000000, 0x0000000083000000|100%| O|  |TAMS 0x0000000083000000, 0x0000000082f00000| Untracked 
|  48|0x0000000083000000, 0x0000000083100000, 0x0000000083100000|100%| O|  |TAMS 0x0000000083100000, 0x0000000083000000| Untracked 
|  49|0x0000000083100000, 0x0000000083200000, 0x0000000083200000|100%| O|  |TAMS 0x0000000083200000, 0x0000000083100000| Untracked 
|  50|0x0000000083200000, 0x0000000083300000, 0x0000000083300000|100%| O|  |TAMS 0x0000000083300000, 0x0000000083200000| Untracked 
|  51|0x0000000083300000, 0x0000000083400000, 0x0000000083400000|100%| O|  |TAMS 0x0000000083400000, 0x0000000083300000| Untracked 
|  52|0x0000000083400000, 0x0000000083500000, 0x0000000083500000|100%| O|  |TAMS 0x0000000083500000, 0x0000000083400000| Untracked 
|  53|0x0000000083500000, 0x0000000083600000, 0x0000000083600000|100%| O|  |TAMS 0x0000000083600000, 0x0000000083500000| Untracked 
|  54|0x0000000083600000, 0x0000000083700000, 0x0000000083700000|100%| O|  |TAMS 0x0000000083700000, 0x0000000083600000| Untracked 
|  55|0x0000000083700000, 0x0000000083800000, 0x0000000083800000|100%| O|  |TAMS 0x0000000083800000, 0x0000000083700000| Untracked 
|  56|0x0000000083800000, 0x0000000083900000, 0x0000000083900000|100%| O|  |TAMS 0x0000000083900000, 0x0000000083800000| Untracked 
|  57|0x0000000083900000, 0x0000000083a00000, 0x0000000083a00000|100%| O|  |TAMS 0x0000000083a00000, 0x0000000083900000| Untracked 
|  58|0x0000000083a00000, 0x0000000083b00000, 0x0000000083b00000|100%| O|  |TAMS 0x0000000083b00000, 0x0000000083a00000| Untracked 
|  59|0x0000000083b00000, 0x0000000083c00000, 0x0000000083c00000|100%| O|  |TAMS 0x0000000083c00000, 0x0000000083b00000| Untracked 
|  60|0x0000000083c00000, 0x0000000083d00000, 0x0000000083d00000|100%| O|  |TAMS 0x0000000083d00000, 0x0000000083c00000| Untracked 
|  61|0x0000000083d00000, 0x0000000083e00000, 0x0000000083e00000|100%| O|  |TAMS 0x0000000083e00000, 0x0000000083d00000| Untracked 
|  62|0x0000000083e00000, 0x0000000083f00000, 0x0000000083f00000|100%| O|  |TAMS 0x0000000083f00000, 0x0000000083e00000| Untracked 
|  63|0x0000000083f00000, 0x0000000084000000, 0x0000000084000000|100%| O|  |TAMS 0x0000000084000000, 0x0000000083f00000| Untracked 
|  64|0x0000000084000000, 0x0000000084100000, 0x0000000084100000|100%| O|  |TAMS 0x0000000084100000, 0x0000000084000000| Untracked 
|  65|0x0000000084100000, 0x0000000084200000, 0x0000000084200000|100%| O|  |TAMS 0x0000000084200000, 0x0000000084100000| Untracked 
|  66|0x0000000084200000, 0x0000000084300000, 0x0000000084300000|100%| O|  |TAMS 0x0000000084300000, 0x0000000084200000| Untracked 
|  67|0x0000000084300000, 0x0000000084400000, 0x0000000084400000|100%| O|  |TAMS 0x0000000084400000, 0x0000000084300000| Untracked 
|  68|0x0000000084400000, 0x0000000084500000, 0x0000000084500000|100%| O|  |TAMS 0x0000000084500000, 0x0000000084400000| Untracked 
|  69|0x0000000084500000, 0x0000000084600000, 0x0000000084600000|100%| O|  |TAMS 0x0000000084600000, 0x0000000084500000| Untracked 
|  70|0x0000000084600000, 0x0000000084700000, 0x0000000084700000|100%| O|  |TAMS 0x0000000084700000, 0x0000000084600000| Untracked 
|  71|0x0000000084700000, 0x0000000084800000, 0x0000000084800000|100%| O|  |TAMS 0x0000000084800000, 0x0000000084700000| Untracked 
|  72|0x0000000084800000, 0x0000000084900000, 0x0000000084900000|100%| O|  |TAMS 0x0000000084900000, 0x0000000084800000| Untracked 
|  73|0x0000000084900000, 0x0000000084a00000, 0x0000000084a00000|100%| O|  |TAMS 0x0000000084a00000, 0x0000000084900000| Untracked 
|  74|0x0000000084a00000, 0x0000000084b00000, 0x0000000084b00000|100%| O|  |TAMS 0x0000000084b00000, 0x0000000084a00000| Untracked 
|  75|0x0000000084b00000, 0x0000000084c00000, 0x0000000084c00000|100%| O|  |TAMS 0x0000000084c00000, 0x0000000084b00000| Untracked 
|  76|0x0000000084c00000, 0x0000000084d00000, 0x0000000084d00000|100%| O|  |TAMS 0x0000000084d00000, 0x0000000084c00000| Untracked 
|  77|0x0000000084d00000, 0x0000000084e00000, 0x0000000084e00000|100%| O|  |TAMS 0x0000000084e00000, 0x0000000084d00000| Untracked 
|  78|0x0000000084e00000, 0x0000000084f00000, 0x0000000084f00000|100%| O|  |TAMS 0x0000000084f00000, 0x0000000084e00000| Untracked 
|  79|0x0000000084f00000, 0x0000000085000000, 0x0000000085000000|100%| O|  |TAMS 0x0000000085000000, 0x0000000084f00000| Untracked 
|  80|0x0000000085000000, 0x0000000085100000, 0x0000000085100000|100%| O|  |TAMS 0x0000000085100000, 0x0000000085000000| Untracked 
|  81|0x0000000085100000, 0x0000000085200000, 0x0000000085200000|100%| O|  |TAMS 0x0000000085200000, 0x0000000085100000| Untracked 
|  82|0x0000000085200000, 0x0000000085300000, 0x0000000085300000|100%| O|  |TAMS 0x0000000085300000, 0x0000000085200000| Untracked 
|  83|0x0000000085300000, 0x0000000085400000, 0x0000000085400000|100%| O|  |TAMS 0x0000000085400000, 0x0000000085300000| Untracked 
|  84|0x0000000085400000, 0x0000000085500000, 0x0000000085500000|100%| O|  |TAMS 0x0000000085500000, 0x0000000085400000| Untracked 
|  85|0x0000000085500000, 0x0000000085600000, 0x0000000085600000|100%| O|  |TAMS 0x0000000085600000, 0x0000000085500000| Untracked 
|  86|0x0000000085600000, 0x0000000085700000, 0x0000000085700000|100%| O|  |TAMS 0x0000000085700000, 0x0000000085600000| Untracked 
|  87|0x0000000085700000, 0x0000000085800000, 0x0000000085800000|100%| O|  |TAMS 0x0000000085800000, 0x0000000085700000| Untracked 
|  88|0x0000000085800000, 0x0000000085900000, 0x0000000085900000|100%| O|  |TAMS 0x0000000085900000, 0x0000000085800000| Untracked 
|  89|0x0000000085900000, 0x0000000085a00000, 0x0000000085a00000|100%| O|  |TAMS 0x0000000085a00000, 0x0000000085900000| Untracked 
|  90|0x0000000085a00000, 0x0000000085b00000, 0x0000000085b00000|100%| O|  |TAMS 0x0000000085b00000, 0x0000000085a00000| Untracked 
|  91|0x0000000085b00000, 0x0000000085c00000, 0x0000000085c00000|100%| O|  |TAMS 0x0000000085c00000, 0x0000000085b00000| Untracked 
|  92|0x0000000085c00000, 0x0000000085d00000, 0x0000000085d00000|100%| O|  |TAMS 0x0000000085d00000, 0x0000000085c00000| Untracked 
|  93|0x0000000085d00000, 0x0000000085e00000, 0x0000000085e00000|100%| O|  |TAMS 0x0000000085e00000, 0x0000000085d00000| Untracked 
|  94|0x0000000085e00000, 0x0000000085f00000, 0x0000000085f00000|100%| O|  |TAMS 0x0000000085f00000, 0x0000000085e00000| Untracked 
|  95|0x0000000085f00000, 0x0000000086000000, 0x0000000086000000|100%| O|  |TAMS 0x0000000086000000, 0x0000000085f00000| Untracked 
|  96|0x0000000086000000, 0x0000000086100000, 0x0000000086100000|100%| O|  |TAMS 0x0000000086100000, 0x0000000086000000| Untracked 
|  97|0x0000000086100000, 0x0000000086200000, 0x0000000086200000|100%| O|  |TAMS 0x0000000086200000, 0x0000000086100000| Untracked 
|  98|0x0000000086200000, 0x0000000086300000, 0x0000000086300000|100%| O|  |TAMS 0x0000000086300000, 0x0000000086200000| Untracked 
|  99|0x0000000086300000, 0x0000000086400000, 0x0000000086400000|100%| O|  |TAMS 0x0000000086400000, 0x0000000086300000| Untracked 
| 100|0x0000000086400000, 0x0000000086500000, 0x0000000086500000|100%| O|  |TAMS 0x0000000086500000, 0x0000000086400000| Untracked 
| 101|0x0000000086500000, 0x0000000086600000, 0x0000000086600000|100%| O|  |TAMS 0x0000000086600000, 0x0000000086500000| Untracked 
| 102|0x0000000086600000, 0x0000000086700000, 0x0000000086700000|100%| O|  |TAMS 0x0000000086700000, 0x0000000086600000| Untracked 
| 103|0x0000000086700000, 0x0000000086800000, 0x0000000086800000|100%| O|  |TAMS 0x0000000086800000, 0x0000000086700000| Untracked 
| 104|0x0000000086800000, 0x0000000086900000, 0x0000000086900000|100%| O|  |TAMS 0x0000000086900000, 0x0000000086800000| Untracked 
| 105|0x0000000086900000, 0x0000000086a00000, 0x0000000086a00000|100%| O|  |TAMS 0x0000000086a00000, 0x0000000086900000| Untracked 
| 106|0x0000000086a00000, 0x0000000086b00000, 0x0000000086b00000|100%| O|  |TAMS 0x0000000086b00000, 0x0000000086a00000| Untracked 
| 107|0x0000000086b00000, 0x0000000086c00000, 0x0000000086c00000|100%| O|  |TAMS 0x0000000086b00000, 0x0000000086b00000| Untracked 
| 108|0x0000000086c00000, 0x0000000086d00000, 0x0000000086d00000|100%| O|  |TAMS 0x0000000086c00000, 0x0000000086c00000| Untracked 
| 109|0x0000000086d00000, 0x0000000086e00000, 0x0000000086e00000|100%| O|  |TAMS 0x0000000086d00000, 0x0000000086d00000| Untracked 
| 110|0x0000000086e00000, 0x0000000086f00000, 0x0000000086f00000|100%| O|  |TAMS 0x0000000086e00000, 0x0000000086e00000| Untracked 
| 111|0x0000000086f00000, 0x0000000087000000, 0x0000000087000000|100%| O|  |TAMS 0x0000000086f00000, 0x0000000086f00000| Untracked 
| 112|0x0000000087000000, 0x0000000087100000, 0x0000000087100000|100%| O|  |TAMS 0x0000000087000000, 0x0000000087000000| Untracked 
| 113|0x0000000087100000, 0x0000000087200000, 0x0000000087200000|100%| O|  |TAMS 0x0000000087100000, 0x0000000087100000| Untracked 
| 114|0x0000000087200000, 0x0000000087300000, 0x0000000087300000|100%| O|  |TAMS 0x0000000087200000, 0x0000000087200000| Untracked 
| 115|0x0000000087300000, 0x00000000873fc600, 0x0000000087400000| 98%| O|  |TAMS 0x0000000087300000, 0x0000000087300000| Untracked 
| 116|0x0000000087400000, 0x0000000087400000, 0x0000000087500000|  0%| F|  |TAMS 0x0000000087400000, 0x0000000087400000| Untracked 
| 117|0x0000000087500000, 0x0000000087500000, 0x0000000087600000|  0%| F|  |TAMS 0x0000000087500000, 0x0000000087500000| Untracked 
| 118|0x0000000087600000, 0x0000000087600000, 0x0000000087700000|  0%| F|  |TAMS 0x0000000087600000, 0x0000000087600000| Untracked 
| 119|0x0000000087700000, 0x0000000087700000, 0x0000000087800000|  0%| F|  |TAMS 0x0000000087700000, 0x0000000087700000| Untracked 
| 120|0x0000000087800000, 0x0000000087800000, 0x0000000087900000|  0%| F|  |TAMS 0x0000000087800000, 0x0000000087800000| Untracked 
| 121|0x0000000087900000, 0x0000000087900000, 0x0000000087a00000|  0%| F|  |TAMS 0x0000000087900000, 0x0000000087900000| Untracked 
| 122|0x0000000087a00000, 0x0000000087a00000, 0x0000000087b00000|  0%| F|  |TAMS 0x0000000087a00000, 0x0000000087a00000| Untracked 
| 123|0x0000000087b00000, 0x0000000087b00000, 0x0000000087c00000|  0%| F|  |TAMS 0x0000000087b00000, 0x0000000087b00000| Untracked 
| 124|0x0000000087c00000, 0x0000000087c00000, 0x0000000087d00000|  0%| F|  |TAMS 0x0000000087c00000, 0x0000000087c00000| Untracked 
| 125|0x0000000087d00000, 0x0000000087d00000, 0x0000000087e00000|  0%| F|  |TAMS 0x0000000087d00000, 0x0000000087d00000| Untracked 
| 126|0x0000000087e00000, 0x0000000087e00000, 0x0000000087f00000|  0%| F|  |TAMS 0x0000000087e00000, 0x0000000087e00000| Untracked 
| 127|0x0000000087f00000, 0x0000000087f00000, 0x0000000088000000|  0%| F|  |TAMS 0x0000000087f00000, 0x0000000087f00000| Untracked 
| 128|0x0000000088000000, 0x0000000088000000, 0x0000000088100000|  0%| F|  |TAMS 0x0000000088000000, 0x0000000088000000| Untracked 
| 129|0x0000000088100000, 0x0000000088100000, 0x0000000088200000|  0%| F|  |TAMS 0x0000000088100000, 0x0000000088100000| Untracked 
| 130|0x0000000088200000, 0x0000000088200000, 0x0000000088300000|  0%| F|  |TAMS 0x0000000088200000, 0x0000000088200000| Untracked 
| 131|0x0000000088300000, 0x0000000088300000, 0x0000000088400000|  0%| F|  |TAMS 0x0000000088300000, 0x0000000088300000| Untracked 
| 132|0x0000000088400000, 0x0000000088400000, 0x0000000088500000|  0%| F|  |TAMS 0x0000000088400000, 0x0000000088400000| Untracked 
| 133|0x0000000088500000, 0x0000000088500000, 0x0000000088600000|  0%| F|  |TAMS 0x0000000088500000, 0x0000000088500000| Untracked 
| 134|0x0000000088600000, 0x0000000088600000, 0x0000000088700000|  0%| F|  |TAMS 0x0000000088600000, 0x0000000088600000| Untracked 
| 135|0x0000000088700000, 0x0000000088700000, 0x0000000088800000|  0%| F|  |TAMS 0x0000000088700000, 0x0000000088700000| Untracked 
| 136|0x0000000088800000, 0x0000000088800000, 0x0000000088900000|  0%| F|  |TAMS 0x0000000088800000, 0x0000000088800000| Untracked 
| 137|0x0000000088900000, 0x0000000088900000, 0x0000000088a00000|  0%| F|  |TAMS 0x0000000088900000, 0x0000000088900000| Untracked 
| 138|0x0000000088a00000, 0x0000000088a00000, 0x0000000088b00000|  0%| F|  |TAMS 0x0000000088a00000, 0x0000000088a00000| Untracked 
| 139|0x0000000088b00000, 0x0000000088b00000, 0x0000000088c00000|  0%| F|  |TAMS 0x0000000088b00000, 0x0000000088b00000| Untracked 
| 140|0x0000000088c00000, 0x0000000088c00000, 0x0000000088d00000|  0%| F|  |TAMS 0x0000000088c00000, 0x0000000088c00000| Untracked 
| 141|0x0000000088d00000, 0x0000000088d00000, 0x0000000088e00000|  0%| F|  |TAMS 0x0000000088d00000, 0x0000000088d00000| Untracked 
| 142|0x0000000088e00000, 0x0000000088e00000, 0x0000000088f00000|  0%| F|  |TAMS 0x0000000088e00000, 0x0000000088e00000| Untracked 
| 143|0x0000000088f00000, 0x0000000088f00000, 0x0000000089000000|  0%| F|  |TAMS 0x0000000088f00000, 0x0000000088f00000| Untracked 
| 144|0x0000000089000000, 0x0000000089000000, 0x0000000089100000|  0%| F|  |TAMS 0x0000000089000000, 0x0000000089000000| Untracked 
| 145|0x0000000089100000, 0x0000000089100000, 0x0000000089200000|  0%| F|  |TAMS 0x0000000089100000, 0x0000000089100000| Untracked 
| 146|0x0000000089200000, 0x0000000089200000, 0x0000000089300000|  0%| F|  |TAMS 0x0000000089200000, 0x0000000089200000| Untracked 
| 147|0x0000000089300000, 0x0000000089300000, 0x0000000089400000|  0%| F|  |TAMS 0x0000000089300000, 0x0000000089300000| Untracked 
| 148|0x0000000089400000, 0x0000000089400000, 0x0000000089500000|  0%| F|  |TAMS 0x0000000089400000, 0x0000000089400000| Untracked 
| 149|0x0000000089500000, 0x0000000089500000, 0x0000000089600000|  0%| F|  |TAMS 0x0000000089500000, 0x0000000089500000| Untracked 
| 150|0x0000000089600000, 0x0000000089600000, 0x0000000089700000|  0%| F|  |TAMS 0x0000000089600000, 0x0000000089600000| Untracked 
| 151|0x0000000089700000, 0x0000000089700000, 0x0000000089800000|  0%| F|  |TAMS 0x0000000089700000, 0x0000000089700000| Untracked 
| 152|0x0000000089800000, 0x0000000089800000, 0x0000000089900000|  0%| F|  |TAMS 0x0000000089800000, 0x0000000089800000| Untracked 
| 153|0x0000000089900000, 0x0000000089900000, 0x0000000089a00000|  0%| F|  |TAMS 0x0000000089900000, 0x0000000089900000| Untracked 
| 154|0x0000000089a00000, 0x0000000089a00000, 0x0000000089b00000|  0%| F|  |TAMS 0x0000000089a00000, 0x0000000089a00000| Untracked 
| 155|0x0000000089b00000, 0x0000000089b00000, 0x0000000089c00000|  0%| F|  |TAMS 0x0000000089b00000, 0x0000000089b00000| Untracked 
| 156|0x0000000089c00000, 0x0000000089c00000, 0x0000000089d00000|  0%| F|  |TAMS 0x0000000089c00000, 0x0000000089c00000| Untracked 
| 157|0x0000000089d00000, 0x0000000089d00000, 0x0000000089e00000|  0%| F|  |TAMS 0x0000000089d00000, 0x0000000089d00000| Untracked 
| 158|0x0000000089e00000, 0x0000000089e00000, 0x0000000089f00000|  0%| F|  |TAMS 0x0000000089e00000, 0x0000000089e00000| Untracked 
| 159|0x0000000089f00000, 0x0000000089f00000, 0x000000008a000000|  0%| F|  |TAMS 0x0000000089f00000, 0x0000000089f00000| Untracked 
| 160|0x000000008a000000, 0x000000008a000000, 0x000000008a100000|  0%| F|  |TAMS 0x000000008a000000, 0x000000008a000000| Untracked 
| 161|0x000000008a100000, 0x000000008a200000, 0x000000008a200000|100%| S|CS|TAMS 0x000000008a100000, 0x000000008a100000| Complete 
| 162|0x000000008a200000, 0x000000008a300000, 0x000000008a300000|100%| S|CS|TAMS 0x000000008a200000, 0x000000008a200000| Complete 
| 163|0x000000008a300000, 0x000000008a400000, 0x000000008a400000|100%| S|CS|TAMS 0x000000008a300000, 0x000000008a300000| Complete 
| 164|0x000000008a400000, 0x000000008a500000, 0x000000008a500000|100%| S|CS|TAMS 0x000000008a400000, 0x000000008a400000| Complete 
| 165|0x000000008a500000, 0x000000008a600000, 0x000000008a600000|100%| S|CS|TAMS 0x000000008a500000, 0x000000008a500000| Complete 
| 166|0x000000008a600000, 0x000000008a700000, 0x000000008a700000|100%| S|CS|TAMS 0x000000008a600000, 0x000000008a600000| Complete 
| 167|0x000000008a700000, 0x000000008a800000, 0x000000008a800000|100%| S|CS|TAMS 0x000000008a700000, 0x000000008a700000| Complete 
| 168|0x000000008a800000, 0x000000008a900000, 0x000000008a900000|100%| S|CS|TAMS 0x000000008a800000, 0x000000008a800000| Complete 
| 169|0x000000008a900000, 0x000000008aa00000, 0x000000008aa00000|100%| S|CS|TAMS 0x000000008a900000, 0x000000008a900000| Complete 
| 170|0x000000008aa00000, 0x000000008ab00000, 0x000000008ab00000|100%| S|CS|TAMS 0x000000008aa00000, 0x000000008aa00000| Complete 
| 171|0x000000008ab00000, 0x000000008ac00000, 0x000000008ac00000|100%| S|CS|TAMS 0x000000008ab00000, 0x000000008ab00000| Complete 
| 172|0x000000008ac00000, 0x000000008ac00000, 0x000000008ad00000|  0%| F|  |TAMS 0x000000008ac00000, 0x000000008ac00000| Untracked 
| 173|0x000000008ad00000, 0x000000008ad00000, 0x000000008ae00000|  0%| F|  |TAMS 0x000000008ad00000, 0x000000008ad00000| Untracked 
| 174|0x000000008ae00000, 0x000000008ae00000, 0x000000008af00000|  0%| F|  |TAMS 0x000000008ae00000, 0x000000008ae00000| Untracked 
| 175|0x000000008af00000, 0x000000008af00000, 0x000000008b000000|  0%| F|  |TAMS 0x000000008af00000, 0x000000008af00000| Untracked 
| 176|0x000000008b000000, 0x000000008b000000, 0x000000008b100000|  0%| F|  |TAMS 0x000000008b000000, 0x000000008b000000| Untracked 
| 177|0x000000008b100000, 0x000000008b100000, 0x000000008b200000|  0%| F|  |TAMS 0x000000008b100000, 0x000000008b100000| Untracked 
| 178|0x000000008b200000, 0x000000008b200000, 0x000000008b300000|  0%| F|  |TAMS 0x000000008b200000, 0x000000008b200000| Untracked 
| 179|0x000000008b300000, 0x000000008b300000, 0x000000008b400000|  0%| F|  |TAMS 0x000000008b300000, 0x000000008b300000| Untracked 
| 180|0x000000008b400000, 0x000000008b400000, 0x000000008b500000|  0%| F|  |TAMS 0x000000008b400000, 0x000000008b400000| Untracked 
| 181|0x000000008b500000, 0x000000008b500000, 0x000000008b600000|  0%| F|  |TAMS 0x000000008b500000, 0x000000008b500000| Untracked 
| 182|0x000000008b600000, 0x000000008b600000, 0x000000008b700000|  0%| F|  |TAMS 0x000000008b600000, 0x000000008b600000| Untracked 
| 183|0x000000008b700000, 0x000000008b700000, 0x000000008b800000|  0%| F|  |TAMS 0x000000008b700000, 0x000000008b700000| Untracked 
| 184|0x000000008b800000, 0x000000008b800000, 0x000000008b900000|  0%| F|  |TAMS 0x000000008b800000, 0x000000008b800000| Untracked 
| 185|0x000000008b900000, 0x000000008b900000, 0x000000008ba00000|  0%| F|  |TAMS 0x000000008b900000, 0x000000008b900000| Untracked 
| 186|0x000000008ba00000, 0x000000008ba00000, 0x000000008bb00000|  0%| F|  |TAMS 0x000000008ba00000, 0x000000008ba00000| Untracked 
| 187|0x000000008bb00000, 0x000000008bb00000, 0x000000008bc00000|  0%| F|  |TAMS 0x000000008bb00000, 0x000000008bb00000| Untracked 
| 188|0x000000008bc00000, 0x000000008bc00000, 0x000000008bd00000|  0%| F|  |TAMS 0x000000008bc00000, 0x000000008bc00000| Untracked 
| 189|0x000000008bd00000, 0x000000008bd00000, 0x000000008be00000|  0%| F|  |TAMS 0x000000008bd00000, 0x000000008bd00000| Untracked 
| 190|0x000000008be00000, 0x000000008be00000, 0x000000008bf00000|  0%| F|  |TAMS 0x000000008be00000, 0x000000008be00000| Untracked 
| 191|0x000000008bf00000, 0x000000008bf00000, 0x000000008c000000|  0%| F|  |TAMS 0x000000008bf00000, 0x000000008bf00000| Untracked 
| 192|0x000000008c000000, 0x000000008c000000, 0x000000008c100000|  0%| F|  |TAMS 0x000000008c000000, 0x000000008c000000| Untracked 
| 193|0x000000008c100000, 0x000000008c100000, 0x000000008c200000|  0%| F|  |TAMS 0x000000008c100000, 0x000000008c100000| Untracked 
| 194|0x000000008c200000, 0x000000008c200000, 0x000000008c300000|  0%| F|  |TAMS 0x000000008c200000, 0x000000008c200000| Untracked 
| 195|0x000000008c300000, 0x000000008c300000, 0x000000008c400000|  0%| F|  |TAMS 0x000000008c300000, 0x000000008c300000| Untracked 
| 196|0x000000008c400000, 0x000000008c400000, 0x000000008c500000|  0%| F|  |TAMS 0x000000008c400000, 0x000000008c400000| Untracked 
| 197|0x000000008c500000, 0x000000008c500000, 0x000000008c600000|  0%| F|  |TAMS 0x000000008c500000, 0x000000008c500000| Untracked 
| 198|0x000000008c600000, 0x000000008c600000, 0x000000008c700000|  0%| F|  |TAMS 0x000000008c600000, 0x000000008c600000| Untracked 
| 199|0x000000008c700000, 0x000000008c700000, 0x000000008c800000|  0%| F|  |TAMS 0x000000008c700000, 0x000000008c700000| Untracked 
| 200|0x000000008c800000, 0x000000008c800000, 0x000000008c900000|  0%| F|  |TAMS 0x000000008c800000, 0x000000008c800000| Untracked 
| 201|0x000000008c900000, 0x000000008c900000, 0x000000008ca00000|  0%| F|  |TAMS 0x000000008c900000, 0x000000008c900000| Untracked 
| 202|0x000000008ca00000, 0x000000008ca00000, 0x000000008cb00000|  0%| F|  |TAMS 0x000000008ca00000, 0x000000008ca00000| Untracked 
| 203|0x000000008cb00000, 0x000000008cb00000, 0x000000008cc00000|  0%| F|  |TAMS 0x000000008cb00000, 0x000000008cb00000| Untracked 
| 204|0x000000008cc00000, 0x000000008cc00000, 0x000000008cd00000|  0%| F|  |TAMS 0x000000008cc00000, 0x000000008cc00000| Untracked 
| 205|0x000000008cd00000, 0x000000008cd00000, 0x000000008ce00000|  0%| F|  |TAMS 0x000000008cd00000, 0x000000008cd00000| Untracked 
| 206|0x000000008ce00000, 0x000000008ce00000, 0x000000008cf00000|  0%| F|  |TAMS 0x000000008ce00000, 0x000000008ce00000| Untracked 
| 207|0x000000008cf00000, 0x000000008cf00000, 0x000000008d000000|  0%| F|  |TAMS 0x000000008cf00000, 0x000000008cf00000| Untracked 
| 208|0x000000008d000000, 0x000000008d000000, 0x000000008d100000|  0%| F|  |TAMS 0x000000008d000000, 0x000000008d000000| Untracked 
| 209|0x000000008d100000, 0x000000008d100000, 0x000000008d200000|  0%| F|  |TAMS 0x000000008d100000, 0x000000008d100000| Untracked 
| 210|0x000000008d200000, 0x000000008d200000, 0x000000008d300000|  0%| F|  |TAMS 0x000000008d200000, 0x000000008d200000| Untracked 
| 211|0x000000008d300000, 0x000000008d300000, 0x000000008d400000|  0%| F|  |TAMS 0x000000008d300000, 0x000000008d300000| Untracked 
| 212|0x000000008d400000, 0x000000008d400000, 0x000000008d500000|  0%| F|  |TAMS 0x000000008d400000, 0x000000008d400000| Untracked 
| 213|0x000000008d500000, 0x000000008d500000, 0x000000008d600000|  0%| F|  |TAMS 0x000000008d500000, 0x000000008d500000| Untracked 
| 214|0x000000008d600000, 0x000000008d600000, 0x000000008d700000|  0%| F|  |TAMS 0x000000008d600000, 0x000000008d600000| Untracked 
| 215|0x000000008d700000, 0x000000008d700000, 0x000000008d800000|  0%| F|  |TAMS 0x000000008d700000, 0x000000008d700000| Untracked 
| 216|0x000000008d800000, 0x000000008d800000, 0x000000008d900000|  0%| F|  |TAMS 0x000000008d800000, 0x000000008d800000| Untracked 
| 217|0x000000008d900000, 0x000000008d900000, 0x000000008da00000|  0%| F|  |TAMS 0x000000008d900000, 0x000000008d900000| Untracked 
| 218|0x000000008da00000, 0x000000008da00000, 0x000000008db00000|  0%| F|  |TAMS 0x000000008da00000, 0x000000008da00000| Untracked 
| 219|0x000000008db00000, 0x000000008db00000, 0x000000008dc00000|  0%| F|  |TAMS 0x000000008db00000, 0x000000008db00000| Untracked 
| 220|0x000000008dc00000, 0x000000008dc00000, 0x000000008dd00000|  0%| F|  |TAMS 0x000000008dc00000, 0x000000008dc00000| Untracked 
| 221|0x000000008dd00000, 0x000000008dd00000, 0x000000008de00000|  0%| F|  |TAMS 0x000000008dd00000, 0x000000008dd00000| Untracked 
| 222|0x000000008de00000, 0x000000008de00000, 0x000000008df00000|  0%| F|  |TAMS 0x000000008de00000, 0x000000008de00000| Untracked 
| 223|0x000000008df00000, 0x000000008df00000, 0x000000008e000000|  0%| F|  |TAMS 0x000000008df00000, 0x000000008df00000| Untracked 
| 224|0x000000008e000000, 0x000000008e000000, 0x000000008e100000|  0%| F|  |TAMS 0x000000008e000000, 0x000000008e000000| Untracked 
| 225|0x000000008e100000, 0x000000008e100000, 0x000000008e200000|  0%| F|  |TAMS 0x000000008e100000, 0x000000008e100000| Untracked 
| 226|0x000000008e200000, 0x000000008e200000, 0x000000008e300000|  0%| F|  |TAMS 0x000000008e200000, 0x000000008e200000| Untracked 
| 227|0x000000008e300000, 0x000000008e300000, 0x000000008e400000|  0%| F|  |TAMS 0x000000008e300000, 0x000000008e300000| Untracked 
| 228|0x000000008e400000, 0x000000008e400000, 0x000000008e500000|  0%| F|  |TAMS 0x000000008e400000, 0x000000008e400000| Untracked 
| 229|0x000000008e500000, 0x000000008e500000, 0x000000008e600000|  0%| F|  |TAMS 0x000000008e500000, 0x000000008e500000| Untracked 
| 230|0x000000008e600000, 0x000000008e600000, 0x000000008e700000|  0%| F|  |TAMS 0x000000008e600000, 0x000000008e600000| Untracked 
| 231|0x000000008e700000, 0x000000008e700000, 0x000000008e800000|  0%| F|  |TAMS 0x000000008e700000, 0x000000008e700000| Untracked 
| 232|0x000000008e800000, 0x000000008e800000, 0x000000008e900000|  0%| F|  |TAMS 0x000000008e800000, 0x000000008e800000| Untracked 
| 233|0x000000008e900000, 0x000000008e900000, 0x000000008ea00000|  0%| F|  |TAMS 0x000000008e900000, 0x000000008e900000| Untracked 
| 234|0x000000008ea00000, 0x000000008ea00000, 0x000000008eb00000|  0%| F|  |TAMS 0x000000008ea00000, 0x000000008ea00000| Untracked 
| 235|0x000000008eb00000, 0x000000008eb00000, 0x000000008ec00000|  0%| F|  |TAMS 0x000000008eb00000, 0x000000008eb00000| Untracked 
| 236|0x000000008ec00000, 0x000000008ec00000, 0x000000008ed00000|  0%| F|  |TAMS 0x000000008ec00000, 0x000000008ec00000| Untracked 
| 237|0x000000008ed00000, 0x000000008ed00000, 0x000000008ee00000|  0%| F|  |TAMS 0x000000008ed00000, 0x000000008ed00000| Untracked 
| 238|0x000000008ee00000, 0x000000008ee00000, 0x000000008ef00000|  0%| F|  |TAMS 0x000000008ee00000, 0x000000008ee00000| Untracked 
| 239|0x000000008ef00000, 0x000000008ef00000, 0x000000008f000000|  0%| F|  |TAMS 0x000000008ef00000, 0x000000008ef00000| Untracked 
| 240|0x000000008f000000, 0x000000008f000000, 0x000000008f100000|  0%| F|  |TAMS 0x000000008f000000, 0x000000008f000000| Untracked 
| 241|0x000000008f100000, 0x000000008f100000, 0x000000008f200000|  0%| F|  |TAMS 0x000000008f100000, 0x000000008f100000| Untracked 
| 242|0x000000008f200000, 0x000000008f200000, 0x000000008f300000|  0%| F|  |TAMS 0x000000008f200000, 0x000000008f200000| Untracked 
| 243|0x000000008f300000, 0x000000008f300000, 0x000000008f400000|  0%| F|  |TAMS 0x000000008f300000, 0x000000008f300000| Untracked 
| 244|0x000000008f400000, 0x000000008f400000, 0x000000008f500000|  0%| F|  |TAMS 0x000000008f400000, 0x000000008f400000| Untracked 
| 245|0x000000008f500000, 0x000000008f500000, 0x000000008f600000|  0%| F|  |TAMS 0x000000008f500000, 0x000000008f500000| Untracked 
| 246|0x000000008f600000, 0x000000008f600000, 0x000000008f700000|  0%| F|  |TAMS 0x000000008f600000, 0x000000008f600000| Untracked 
| 247|0x000000008f700000, 0x000000008f700000, 0x000000008f800000|  0%| F|  |TAMS 0x000000008f700000, 0x000000008f700000| Untracked 
| 248|0x000000008f800000, 0x000000008f800000, 0x000000008f900000|  0%| F|  |TAMS 0x000000008f800000, 0x000000008f800000| Untracked 
| 249|0x000000008f900000, 0x000000008f900000, 0x000000008fa00000|  0%| F|  |TAMS 0x000000008f900000, 0x000000008f900000| Untracked 
| 250|0x000000008fa00000, 0x000000008fa00000, 0x000000008fb00000|  0%| F|  |TAMS 0x000000008fa00000, 0x000000008fa00000| Untracked 
| 251|0x000000008fb00000, 0x000000008fb00000, 0x000000008fc00000|  0%| F|  |TAMS 0x000000008fb00000, 0x000000008fb00000| Untracked 
| 252|0x000000008fc00000, 0x000000008fc00000, 0x000000008fd00000|  0%| F|  |TAMS 0x000000008fc00000, 0x000000008fc00000| Untracked 
| 253|0x000000008fd00000, 0x000000008fd00000, 0x000000008fe00000|  0%| F|  |TAMS 0x000000008fd00000, 0x000000008fd00000| Untracked 
| 254|0x000000008fe00000, 0x000000008fe00000, 0x000000008ff00000|  0%| F|  |TAMS 0x000000008fe00000, 0x000000008fe00000| Untracked 
| 255|0x000000008ff00000, 0x000000008ff00000, 0x0000000090000000|  0%| F|  |TAMS 0x000000008ff00000, 0x000000008ff00000| Untracked 
| 256|0x0000000090000000, 0x0000000090000000, 0x0000000090100000|  0%| F|  |TAMS 0x0000000090000000, 0x0000000090000000| Untracked 
| 257|0x0000000090100000, 0x0000000090100000, 0x0000000090200000|  0%| F|  |TAMS 0x0000000090100000, 0x0000000090100000| Untracked 
| 258|0x0000000090200000, 0x0000000090200000, 0x0000000090300000|  0%| F|  |TAMS 0x0000000090200000, 0x0000000090200000| Untracked 
| 259|0x0000000090300000, 0x0000000090300000, 0x0000000090400000|  0%| F|  |TAMS 0x0000000090300000, 0x0000000090300000| Untracked 
| 260|0x0000000090400000, 0x0000000090400000, 0x0000000090500000|  0%| F|  |TAMS 0x0000000090400000, 0x0000000090400000| Untracked 
| 261|0x0000000090500000, 0x0000000090500000, 0x0000000090600000|  0%| F|  |TAMS 0x0000000090500000, 0x0000000090500000| Untracked 
| 262|0x0000000090600000, 0x0000000090600000, 0x0000000090700000|  0%| F|  |TAMS 0x0000000090600000, 0x0000000090600000| Untracked 
| 263|0x0000000090700000, 0x0000000090700000, 0x0000000090800000|  0%| F|  |TAMS 0x0000000090700000, 0x0000000090700000| Untracked 
| 264|0x0000000090800000, 0x0000000090800000, 0x0000000090900000|  0%| F|  |TAMS 0x0000000090800000, 0x0000000090800000| Untracked 
| 265|0x0000000090900000, 0x0000000090900000, 0x0000000090a00000|  0%| F|  |TAMS 0x0000000090900000, 0x0000000090900000| Untracked 
| 266|0x0000000090a00000, 0x0000000090a00000, 0x0000000090b00000|  0%| F|  |TAMS 0x0000000090a00000, 0x0000000090a00000| Untracked 
| 267|0x0000000090b00000, 0x0000000090b00000, 0x0000000090c00000|  0%| F|  |TAMS 0x0000000090b00000, 0x0000000090b00000| Untracked 
| 268|0x0000000090c00000, 0x0000000090c00000, 0x0000000090d00000|  0%| F|  |TAMS 0x0000000090c00000, 0x0000000090c00000| Untracked 
| 269|0x0000000090d00000, 0x0000000090d00000, 0x0000000090e00000|  0%| F|  |TAMS 0x0000000090d00000, 0x0000000090d00000| Untracked 
| 270|0x0000000090e00000, 0x0000000090e00000, 0x0000000090f00000|  0%| F|  |TAMS 0x0000000090e00000, 0x0000000090e00000| Untracked 

Card table byte_map: [0x0000024a49c10000,0x0000024a4a010000] _byte_map_base: 0x0000024a49810000

Marking Bits (Prev, Next): (CMBitMap*) 0x0000024a36d702a0, (CMBitMap*) 0x0000024a36d70268
 Prev Bits: [0x0000024a4c410000, 0x0000024a4e410000)
 Next Bits: [0x0000024a4a410000, 0x0000024a4c410000)

Polling page: 0x0000024a34c80000

Metaspace:

Usage:
  Non-class:     85.81 MB capacity,    84.22 MB ( 98%) used,     1.28 MB (  1%) free+waste,   318.69 KB ( <1%) overhead. 
      Class:     13.61 MB capacity,    12.60 MB ( 93%) used,   886.02 KB (  6%) free+waste,   144.75 KB (  1%) overhead. 
       Both:     99.42 MB capacity,    96.83 MB ( 97%) used,     2.15 MB (  2%) free+waste,   463.44 KB ( <1%) overhead. 

Virtual space:
  Non-class space:       86.00 MB reserved,      85.95 MB (>99%) committed 
      Class space:        1.00 GB reserved,      13.70 MB (  1%) committed 
             Both:        1.08 GB reserved,      99.65 MB (  9%) committed 

Chunk freelists:
   Non-Class:  12.00 KB
       Class:  0 bytes
        Both:  12.00 KB

MaxMetaspaceSize: 17179869184.00 GB
CompressedClassSpaceSize: 1.00 GB

CodeHeap 'non-profiled nmethods': size=120064Kb used=4843Kb max_used=4843Kb free=115220Kb
 bounds [0x0000024a422d0000, 0x0000024a42790000, 0x0000024a49810000]
CodeHeap 'profiled nmethods': size=120000Kb used=30629Kb max_used=30629Kb free=89370Kb
 bounds [0x0000024a3ada0000, 0x0000024a3cb90000, 0x0000024a422d0000]
CodeHeap 'non-nmethods': size=5696Kb used=2305Kb max_used=2355Kb free=3390Kb
 bounds [0x0000024a3a810000, 0x0000024a3aa80000, 0x0000024a3ada0000]
 total_blobs=14129 nmethods=13214 adapters=825
 compilation: enabled
              stopped_count=0, restarted_count=0
 full_count=0

Compilation events (20 events):
Event: 24.631 Thread 0x0000024a50918800 nmethod 13655 0x0000024a3cb84190 code [0x0000024a3cb84340, 0x0000024a3cb84498]
Event: 24.631 Thread 0x0000024a50918800 13656       2       com.android.tools.r8.internal.tz::a (14 bytes)
Event: 24.631 Thread 0x0000024a50918800 nmethod 13656 0x0000024a3cb84590 code [0x0000024a3cb84740, 0x0000024a3cb84838]
Event: 24.631 Thread 0x0000024a50918800 13671       2       com.android.tools.r8.internal.j2$$Lambda$1397/0x0000000100d47040::apply (12 bytes)
Event: 24.631 Thread 0x0000024a50918800 nmethod 13671 0x0000024a3cb84910 code [0x0000024a3cb84ac0, 0x0000024a3cb84c28]
Event: 24.634 Thread 0x0000024a50918800 13679       2       com.android.tools.r8.internal.hf::toArray (53 bytes)
Event: 24.634 Thread 0x0000024a50918800 nmethod 13679 0x0000024a3cb84d10 code [0x0000024a3cb84f00, 0x0000024a3cb851b8]
Event: 24.635 Thread 0x0000024a50918800 13680       2       com.android.tools.r8.ir.regalloc.b::k (498 bytes)
Event: 24.638 Thread 0x0000024a50918800 nmethod 13680 0x0000024a3cb85390 code [0x0000024a3cb85760, 0x0000024a3cb86c18]
Event: 24.638 Thread 0x0000024a50918800 13681       2       com.android.tools.r8.internal.zz::a (104 bytes)
Event: 24.639 Thread 0x0000024a50918800 nmethod 13681 0x0000024a3cb87910 code [0x0000024a3cb87b40, 0x0000024a3cb88058]
Event: 24.639 Thread 0x0000024a50918800 13678       2       com.android.tools.r8.internal.Ni::X (42 bytes)
Event: 24.640 Thread 0x0000024a50918800 nmethod 13678 0x0000024a3cb88410 code [0x0000024a3cb885c0, 0x0000024a3cb88818]
Event: 24.640 Thread 0x0000024a50918800 13683       1       com.android.tools.r8.internal.rs::b (5 bytes)
Event: 24.640 Thread 0x0000024a50918800 nmethod 13683 0x0000024a4278ac10 code [0x0000024a4278adc0, 0x0000024a4278ae78]
Event: 24.643 Thread 0x0000024a50918800 13684       2       com.android.tools.r8.internal.Me::b (80 bytes)
Event: 24.643 Thread 0x0000024a50918800 nmethod 13684 0x0000024a3cb88910 code [0x0000024a3cb88b20, 0x0000024a3cb88ea8]
Event: 24.644 Thread 0x0000024a50918800 13685       2       com.android.tools.r8.internal.D1::equals (46 bytes)
Event: 24.644 Thread 0x0000024a50918800 nmethod 13685 0x0000024a3cb89110 code [0x0000024a3cb892e0, 0x0000024a3cb894e8]
Event: 24.644 Thread 0x0000024a50918800 13686       3       com.android.tools.r8.internal.P1::a (685 bytes)

GC Heap History (20 events):
Event: 18.478 GC heap after
{Heap after GC invocations=24 (full 0):
 garbage-first heap   total 206848K, used 71543K [0x0000000080000000, 0x0000000100000000)
  region size 1024K, 6 young (6144K), 6 survivors (6144K)
 Metaspace       used 86267K, capacity 88396K, committed 88600K, reserved 1126400K
  class space    used 11167K, capacity 11981K, committed 12108K, reserved 1048576K
}
Event: 19.193 GC heap before
{Heap before GC invocations=24 (full 0):
 garbage-first heap   total 206848K, used 153463K [0x0000000080000000, 0x0000000100000000)
  region size 1024K, 87 young (89088K), 6 survivors (6144K)
 Metaspace       used 90207K, capacity 92499K, committed 92696K, reserved 1130496K
  class space    used 11722K, capacity 12600K, committed 12620K, reserved 1048576K
}
Event: 19.220 GC heap after
{Heap after GC invocations=25 (full 0):
 garbage-first heap   total 206848K, used 87517K [0x0000000080000000, 0x0000000100000000)
  region size 1024K, 11 young (11264K), 11 survivors (11264K)
 Metaspace       used 90207K, capacity 92499K, committed 92696K, reserved 1130496K
  class space    used 11722K, capacity 12600K, committed 12620K, reserved 1048576K
}
Event: 19.687 GC heap before
{Heap before GC invocations=25 (full 0):
 garbage-first heap   total 206848K, used 159197K [0x0000000080000000, 0x0000000100000000)
  region size 1024K, 81 young (82944K), 11 survivors (11264K)
 Metaspace       used 92137K, capacity 94509K, committed 94872K, reserved 1130496K
  class space    used 11975K, capacity 12883K, committed 13004K, reserved 1048576K
}
Event: 19.725 GC heap after
{Heap after GC invocations=26 (full 0):
 garbage-first heap   total 206848K, used 97043K [0x0000000080000000, 0x0000000100000000)
  region size 1024K, 11 young (11264K), 11 survivors (11264K)
 Metaspace       used 92137K, capacity 94509K, committed 94872K, reserved 1130496K
  class space    used 11975K, capacity 12883K, committed 13004K, reserved 1048576K
}
Event: 20.007 GC heap before
{Heap before GC invocations=26 (full 0):
 garbage-first heap   total 206848K, used 159507K [0x0000000080000000, 0x0000000100000000)
  region size 1024K, 72 young (73728K), 11 survivors (11264K)
 Metaspace       used 93357K, capacity 95828K, committed 96152K, reserved 1132544K
  class space    used 12195K, capacity 13170K, committed 13260K, reserved 1048576K
}
Event: 20.061 GC heap after
{Heap after GC invocations=27 (full 0):
 garbage-first heap   total 206848K, used 107935K [0x0000000080000000, 0x0000000100000000)
  region size 1024K, 9 young (9216K), 9 survivors (9216K)
 Metaspace       used 93357K, capacity 95828K, committed 96152K, reserved 1132544K
  class space    used 12195K, capacity 13170K, committed 13260K, reserved 1048576K
}
Event: 20.368 GC heap before
{Heap before GC invocations=27 (full 0):
 garbage-first heap   total 206848K, used 162207K [0x0000000080000000, 0x0000000100000000)
  region size 1024K, 62 young (63488K), 9 survivors (9216K)
 Metaspace       used 95150K, capacity 97727K, committed 98072K, reserved 1134592K
  class space    used 12517K, capacity 13533K, committed 13644K, reserved 1048576K
}
Event: 20.407 GC heap after
{Heap after GC invocations=28 (full 0):
 garbage-first heap   total 206848K, used 117760K [0x0000000080000000, 0x0000000100000000)
  region size 1024K, 8 young (8192K), 8 survivors (8192K)
 Metaspace       used 95150K, capacity 97727K, committed 98072K, reserved 1134592K
  class space    used 12517K, capacity 13533K, committed 13644K, reserved 1048576K
}
Event: 21.177 GC heap before
{Heap before GC invocations=29 (full 0):
 garbage-first heap   total 206848K, used 165888K [0x0000000080000000, 0x0000000100000000)
  region size 1024K, 55 young (56320K), 8 survivors (8192K)
 Metaspace       used 96685K, capacity 99204K, committed 99736K, reserved 1134592K
  class space    used 12652K, capacity 13618K, committed 13772K, reserved 1048576K
}
Event: 21.310 GC heap after
{Heap after GC invocations=30 (full 0):
 garbage-first heap   total 277504K, used 122865K [0x0000000080000000, 0x0000000100000000)
  region size 1024K, 4 young (4096K), 4 survivors (4096K)
 Metaspace       used 96685K, capacity 99204K, committed 99736K, reserved 1134592K
  class space    used 12652K, capacity 13618K, committed 13772K, reserved 1048576K
}
Event: 22.527 GC heap before
{Heap before GC invocations=30 (full 0):
 garbage-first heap   total 277504K, used 195569K [0x0000000080000000, 0x0000000100000000)
  region size 1024K, 76 young (77824K), 4 survivors (4096K)
 Metaspace       used 97065K, capacity 99633K, committed 100120K, reserved 1136640K
  class space    used 12709K, capacity 13694K, committed 13900K, reserved 1048576K
}
Event: 22.587 GC heap after
{Heap after GC invocations=31 (full 0):
 garbage-first heap   total 277504K, used 122707K [0x0000000080000000, 0x0000000100000000)
  region size 1024K, 4 young (4096K), 4 survivors (4096K)
 Metaspace       used 97065K, capacity 99633K, committed 100120K, reserved 1136640K
  class space    used 12709K, capacity 13694K, committed 13900K, reserved 1048576K
}
Event: 23.163 GC heap before
{Heap before GC invocations=31 (full 0):
 garbage-first heap   total 277504K, used 200531K [0x0000000080000000, 0x0000000100000000)
  region size 1024K, 81 young (82944K), 4 survivors (4096K)
 Metaspace       used 97086K, capacity 99650K, committed 100120K, reserved 1136640K
  class space    used 12712K, capacity 13700K, committed 13900K, reserved 1048576K
}
Event: 23.331 GC heap after
{Heap after GC invocations=32 (full 0):
 garbage-first heap   total 277504K, used 122752K [0x0000000080000000, 0x0000000100000000)
  region size 1024K, 4 young (4096K), 4 survivors (4096K)
 Metaspace       used 97086K, capacity 99650K, committed 100120K, reserved 1136640K
  class space    used 12712K, capacity 13700K, committed 13900K, reserved 1048576K
}
Event: 23.850 GC heap before
{Heap before GC invocations=32 (full 0):
 garbage-first heap   total 277504K, used 203648K [0x0000000080000000, 0x0000000100000000)
  region size 1024K, 83 young (84992K), 4 survivors (4096K)
 Metaspace       used 98332K, capacity 100886K, committed 101144K, reserved 1136640K
  class space    used 12856K, capacity 13855K, committed 13900K, reserved 1048576K
}
Event: 23.864 GC heap after
{Heap after GC invocations=33 (full 0):
 garbage-first heap   total 277504K, used 123658K [0x0000000080000000, 0x0000000100000000)
  region size 1024K, 5 young (5120K), 5 survivors (5120K)
 Metaspace       used 98332K, capacity 100886K, committed 101144K, reserved 1136640K
  class space    used 12856K, capacity 13855K, committed 13900K, reserved 1048576K
}
Event: 24.331 GC heap before
{Heap before GC invocations=33 (full 0):
 garbage-first heap   total 277504K, used 211722K [0x0000000080000000, 0x0000000100000000)
  region size 1024K, 91 young (93184K), 5 survivors (5120K)
 Metaspace       used 98999K, capacity 101672K, committed 101784K, reserved 1136640K
  class space    used 12906K, capacity 13937K, committed 14028K, reserved 1048576K
}
Event: 24.348 GC heap after
{Heap after GC invocations=34 (full 0):
 garbage-first heap   total 277504K, used 124913K [0x0000000080000000, 0x0000000100000000)
  region size 1024K, 6 young (6144K), 6 survivors (6144K)
 Metaspace       used 98999K, capacity 101672K, committed 101784K, reserved 1136640K
  class space    used 12906K, capacity 13937K, committed 14028K, reserved 1048576K
}
Event: 24.652 GC heap before
{Heap before GC invocations=34 (full 0):
 garbage-first heap   total 277504K, used 220145K [0x0000000080000000, 0x0000000100000000)
  region size 1024K, 99 young (101376K), 6 survivors (6144K)
 Metaspace       used 99148K, capacity 101809K, committed 102040K, reserved 1136640K
  class space    used 12906K, capacity 13937K, committed 14028K, reserved 1048576K
}

Deoptimization events (20 events):
Event: 24.574 Thread 0x0000024a54ba8800 DEOPT PACKING pc=0x0000024a3c9d445a sp=0x00000060c70f8ce0
Event: 24.574 Thread 0x0000024a54ba8800 DEOPT UNPACKING pc=0x0000024a3a8376ce sp=0x00000060c70f8238 mode 0
Event: 24.576 Thread 0x0000024a54ba8800 DEOPT PACKING pc=0x0000024a3c7d9add sp=0x00000060c70f78c0
Event: 24.576 Thread 0x0000024a54ba8800 DEOPT UNPACKING pc=0x0000024a3a8376ce sp=0x00000060c70f6d48 mode 0
Event: 24.576 Thread 0x0000024a54ba8800 DEOPT PACKING pc=0x0000024a3c9d445a sp=0x00000060c70f8ce0
Event: 24.576 Thread 0x0000024a54ba8800 DEOPT UNPACKING pc=0x0000024a3a8376ce sp=0x00000060c70f8238 mode 0
Event: 24.577 Thread 0x0000024a54ba7800 DEOPT PACKING pc=0x0000024a3c1e818b sp=0x00000060c6ff93e0
Event: 24.577 Thread 0x0000024a54ba7800 DEOPT UNPACKING pc=0x0000024a3a8376ce sp=0x00000060c6ff8b70 mode 0
Event: 24.578 Thread 0x0000024a54ba8800 DEOPT PACKING pc=0x0000024a3c9d445a sp=0x00000060c70f8ce0
Event: 24.578 Thread 0x0000024a54ba8800 DEOPT UNPACKING pc=0x0000024a3a8376ce sp=0x00000060c70f8238 mode 0
Event: 24.582 Thread 0x0000024a54ba8800 DEOPT PACKING pc=0x0000024a3c9d445a sp=0x00000060c70f8ce0
Event: 24.582 Thread 0x0000024a54ba8800 DEOPT UNPACKING pc=0x0000024a3a8376ce sp=0x00000060c70f8238 mode 0
Event: 24.584 Thread 0x0000024a54ba8800 DEOPT PACKING pc=0x0000024a3c9d445a sp=0x00000060c70f8ba0
Event: 24.584 Thread 0x0000024a54ba8800 DEOPT UNPACKING pc=0x0000024a3a8376ce sp=0x00000060c70f80f8 mode 0
Event: 24.590 Thread 0x0000024a54ba8800 DEOPT PACKING pc=0x0000024a3c7ed9c9 sp=0x00000060c70f96e0
Event: 24.590 Thread 0x0000024a54ba8800 DEOPT UNPACKING pc=0x0000024a3a8376ce sp=0x00000060c70f8c48 mode 0
Event: 24.644 Thread 0x0000024a54ba9000 DEOPT PACKING pc=0x0000024a3c7e37f4 sp=0x00000060c71f9800
Event: 24.644 Thread 0x0000024a54ba9000 DEOPT UNPACKING pc=0x0000024a3a8376ce sp=0x00000060c71f8dd8 mode 0
Event: 24.647 Thread 0x0000024a54ba6800 DEOPT PACKING pc=0x0000024a3c7e61f6 sp=0x00000060c6ef9640
Event: 24.647 Thread 0x0000024a54ba6800 DEOPT UNPACKING pc=0x0000024a3a8376ce sp=0x00000060c6ef8bd0 mode 0

Classes redefined (0 events):
No events

Internal exceptions (20 events):
Event: 19.884 Thread 0x0000024a54ba7800 Exception <a 'java/lang/NoSuchMethodError'{0x000000008a8a14b8}: 'java.lang.Object java.lang.invoke.Invokers$Holder.linkToTargetMethod(java.lang.Object, java.lang.Object, java.lang.Object, java.lang.Object, java.lang.Object, java.lang.Object, java.lang.Object)'> (0x000000008a8a14b8) thrown at [./src/hotspot/share/interpreter/linkResolver.cpp, line 773]
Event: 20.072 Thread 0x0000024a54ba7800 Exception <a 'java/lang/NoSuchMethodError'{0x000000008c8f8f18}: 'java.lang.Object java.lang.invoke.DirectMethodHandle$Holder.invokeVirtual(java.lang.Object, java.lang.Object, int, java.lang.Object)'> (0x000000008c8f8f18) thrown at [./src/hotspot/share/interpreter/linkResolver.cpp, line 773]
Event: 20.157 Thread 0x0000024a54ba7800 Exception <a 'java/lang/IncompatibleClassChangeError'{0x000000008b891620}: Found class java.lang.Object, but interface was expected> (0x000000008b891620) thrown at [./src/hotspot/share/interpreter/linkResolver.cpp, line 839]
Event: 20.161 Thread 0x0000024a54ba8800 Implicit null exception at 0x0000024a426d2bd4 to 0x0000024a426d55c4
Event: 20.166 Thread 0x0000024a54ba7800 Exception <a 'java/lang/IncompatibleClassChangeError'{0x000000008b4002d8}: Found class java.lang.Object, but interface was expected> (0x000000008b4002d8) thrown at [./src/hotspot/share/interpreter/linkResolver.cpp, line 839]
Event: 20.188 Thread 0x0000024a54ba9000 Exception <a 'java/lang/NoSuchMethodError'{0x000000008b05a770}: 'void java.lang.invoke.DirectMethodHandle$Holder.invokeVirtual(java.lang.Object, java.lang.Object, int, java.lang.Object)'> (0x000000008b05a770) thrown at [./src/hotspot/share/interpreter/linkResolver.cpp, line 773]
Event: 20.188 Thread 0x0000024a54ba7800 Exception <a 'java/lang/NoSuchMethodError'{0x000000008b1db4b0}: 'void java.lang.invoke.DirectMethodHandle$Holder.invokeVirtual(java.lang.Object, java.lang.Object, int, java.lang.Object)'> (0x000000008b1db4b0) thrown at [./src/hotspot/share/interpreter/linkResolver.cpp, line 773]
Event: 20.287 Thread 0x0000024a54ba8800 Exception <a 'java/lang/NoSuchMethodError'{0x000000008a0685c8}: 'java.lang.Object java.lang.invoke.DirectMethodHandle$Holder.newInvokeSpecial(java.lang.Object, int)'> (0x000000008a0685c8) thrown at [./src/hotspot/share/interpreter/linkResolver.cpp, line 773]
Event: 20.287 Thread 0x0000024a54ba9000 Exception <a 'java/lang/NoSuchMethodError'{0x000000008a42ad60}: 'java.lang.Object java.lang.invoke.DirectMethodHandle$Holder.newInvokeSpecial(java.lang.Object, int)'> (0x000000008a42ad60) thrown at [./src/hotspot/share/interpreter/linkResolver.cpp, line 773]
Event: 20.287 Thread 0x0000024a54ba7800 Exception <a 'java/lang/NoSuchMethodError'{0x0000000089e73be0}: 'java.lang.Object java.lang.invoke.DirectMethodHandle$Holder.newInvokeSpecial(java.lang.Object, int)'> (0x0000000089e73be0) thrown at [./src/hotspot/share/interpreter/linkResolver.cpp, line 773]
Event: 20.619 Thread 0x0000024a54ba9000 Exception <a 'java/lang/NoSuchMethodError'{0x000000008ba94160}: 'java.lang.Object java.lang.invoke.DirectMethodHandle$Holder.invokeInterface(java.lang.Object, java.lang.Object, int)'> (0x000000008ba94160) thrown at [./src/hotspot/share/interpreter/linkResolver.cpp, line 773]
Event: 22.099 Thread 0x0000024a54ba9000 Exception <a 'java/lang/NoSuchMethodError'{0x000000008d76b608}: 'int java.lang.invoke.DirectMethodHandle$Holder.invokeInterface(java.lang.Object, java.lang.Object, int)'> (0x000000008d76b608) thrown at [./src/hotspot/share/interpreter/linkResolver.cpp, line 773]
Event: 23.502 Thread 0x0000024a54ba7800 Exception <a 'java/lang/NoSuchMethodError'{0x000000008f9ab318}: 'void java.lang.invoke.DirectMethodHandle$Holder.invokeSpecial(java.lang.Object, java.lang.Object, int, java.lang.Object, java.lang.Object, java.lang.Object, java.lang.Object)'> (0x000000008f9ab318) thrown at [./src/hotspot/share/interpreter/linkResolver.cpp, line 773]
Event: 23.505 Thread 0x0000024a54ba7800 Exception <a 'java/lang/NoSuchMethodError'{0x000000008f753aa0}: 'java.lang.Object java.lang.invoke.Invokers$Holder.linkToTargetMethod(java.lang.Object, int, java.lang.Object, java.lang.Object, java.lang.Object, java.lang.Object)'> (0x000000008f753aa0) thrown at [./src/hotspot/share/interpreter/linkResolver.cpp, line 773]
Event: 23.506 Thread 0x0000024a54ba7800 Exception <a 'java/lang/NoSuchMethodError'{0x000000008f757f50}: 'void java.lang.invoke.DirectMethodHandle$Holder.invokeSpecial(java.lang.Object, java.lang.Object, java.lang.Object, java.lang.Object, java.lang.Object, java.lang.Object, java.lang.Object, java.lang.Object, java.lang.Object)'> (0x000000008f757f50) thrown at [./src/hotspot/share/interpreter/linkResolver.cpp, line 773]
Event: 23.509 Thread 0x0000024a54ba7800 Exception <a 'java/lang/NoSuchMethodError'{0x000000008f772bd0}: 'void java.lang.invoke.DirectMethodHandle$Holder.invokeStatic(java.lang.Object, java.lang.Object, java.lang.Object, java.lang.Object, java.lang.Object, java.lang.Object, java.lang.Object, java.lang.Object)'> (0x000000008f772bd0) thrown at [./src/hotspot/share/interpreter/linkResolver.cpp, line 773]
Event: 23.710 Thread 0x0000024a54ba7800 Exception <a 'java/lang/IncompatibleClassChangeError'{0x000000008d1910f8}: Found class java.lang.Object, but interface was expected> (0x000000008d1910f8) thrown at [./src/hotspot/share/interpreter/linkResolver.cpp, line 839]
Event: 23.919 Thread 0x0000024a54ba7800 Exception <a 'java/lang/NoSuchMethodError'{0x000000009078b1c8}: 'void java.lang.invoke.DirectMethodHandle$Holder.invokeVirtual(java.lang.Object, java.lang.Object, int)'> (0x000000009078b1c8) thrown at [./src/hotspot/share/interpreter/linkResolver.cpp, line 773]
Event: 24.045 Thread 0x0000024a54ba7800 Exception <a 'sun/nio/fs/WindowsException'{0x000000008f4ee370}> (0x000000008f4ee370) thrown at [./src/hotspot/share/prims/jni.cpp, line 615]
Event: 24.352 Thread 0x0000024a54ba7800 Exception <a 'sun/nio/fs/WindowsException'{0x0000000090b1edf0}> (0x0000000090b1edf0) thrown at [./src/hotspot/share/prims/jni.cpp, line 615]

Events (20 events):
Event: 24.042 loading class com/android/tools/r8/ByteDataView done
Event: 24.043 loading class com/android/tools/r8/internal/ya
Event: 24.043 loading class com/android/tools/r8/internal/ya done
Event: 24.045 loading class com/android/tools/r8/internal/B7
Event: 24.045 loading class com/android/tools/r8/internal/B7 done
Event: 24.045 loading class com/android/tools/r8/internal/A7
Event: 24.045 loading class com/android/tools/r8/internal/A7 done
Event: 24.046 loading class com/android/tools/r8/internal/z7
Event: 24.046 loading class com/android/tools/r8/internal/z7 done
Event: 24.091 Executing VM operation: ICBufferFull
Event: 24.091 Executing VM operation: ICBufferFull done
Event: 24.177 Executing VM operation: ICBufferFull
Event: 24.178 Executing VM operation: ICBufferFull done
Event: 24.220 Executing VM operation: ICBufferFull
Event: 24.221 Executing VM operation: ICBufferFull done
Event: 24.330 Executing VM operation: G1CollectForAllocation
Event: 24.348 Executing VM operation: G1CollectForAllocation done
Event: 24.602 Executing VM operation: ICBufferFull
Event: 24.603 Executing VM operation: ICBufferFull done
Event: 24.651 Executing VM operation: G1CollectForAllocation


Dynamic libraries:
0x00007ff69eca0000 - 0x00007ff69ecaa000 	C:\Program Files\Android\Android Studio\jre\bin\java.exe
0x00007ffadba70000 - 0x00007ffadbc5d000 	C:\Windows\SYSTEM32\ntdll.dll
0x00007ffada2e0000 - 0x00007ffada394000 	C:\Windows\System32\KERNEL32.DLL
0x00007ffad87c0000 - 0x00007ffad8a54000 	C:\Windows\System32\KERNELBASE.dll
0x00007ffad8a60000 - 0x00007ffad8b5a000 	C:\Windows\System32\ucrtbase.dll
0x00007ffacbfb0000 - 0x00007ffacbfc9000 	C:\Program Files\Android\Android Studio\jre\bin\jli.dll
0x00007ffad0eb0000 - 0x00007ffad0ec7000 	C:\Program Files\Android\Android Studio\jre\bin\VCRUNTIME140.dll
0x00007ffad8ca0000 - 0x00007ffad8e37000 	C:\Windows\System32\USER32.dll
0x00007ffad8bf0000 - 0x00007ffad8c10000 	C:\Windows\System32\win32u.dll
0x00007ffabfc50000 - 0x00007ffabfec9000 	C:\Windows\WinSxS\amd64_microsoft.windows.common-controls_6595b64144ccf1df_6.0.17763.2565_none_de7373805349545e\COMCTL32.dll
0x00007ffad9ce0000 - 0x00007ffad9d09000 	C:\Windows\System32\GDI32.dll
0x00007ffad7ed0000 - 0x00007ffad806c000 	C:\Windows\System32\gdi32full.dll
0x00007ffad7b80000 - 0x00007ffad7c20000 	C:\Windows\System32\msvcp_win.dll
0x00007ffad9d10000 - 0x00007ffad9dae000 	C:\Windows\System32\msvcrt.dll
0x00007ffad95a0000 - 0x00007ffad98cd000 	C:\Windows\System32\combase.dll
0x00007ffada1c0000 - 0x00007ffada2dd000 	C:\Windows\System32\RPCRT4.dll
0x00007ffad8b60000 - 0x00007ffad8be2000 	C:\Windows\System32\bcryptPrimitives.dll
0x00007ffad98d0000 - 0x00007ffad98fe000 	C:\Windows\System32\IMM32.DLL
0x00007ffaa0370000 - 0x00007ffaa040d000 	C:\Program Files\Android\Android Studio\jre\bin\msvcp140.dll
0x00007ffa81e70000 - 0x00007ffa8293f000 	C:\Program Files\Android\Android Studio\jre\bin\server\jvm.dll
0x00007ffad9bb0000 - 0x00007ffad9c57000 	C:\Windows\System32\ADVAPI32.dll
0x00007ffada3a0000 - 0x00007ffada43f000 	C:\Windows\System32\sechost.dll
0x00007ffad8f00000 - 0x00007ffad8f08000 	C:\Windows\System32\PSAPI.DLL
0x00007ffab8890000 - 0x00007ffab8899000 	C:\Windows\SYSTEM32\WSOCK32.dll
0x00007ffad4bd0000 - 0x00007ffad4bf4000 	C:\Windows\SYSTEM32\WINMM.dll
0x00007ffacdb90000 - 0x00007ffacdb9a000 	C:\Windows\SYSTEM32\VERSION.dll
0x00007ffad4920000 - 0x00007ffad494d000 	C:\Windows\SYSTEM32\winmmbase.dll
0x00007ffad9c60000 - 0x00007ffad9ccd000 	C:\Windows\System32\WS2_32.dll
0x00007ffad7b30000 - 0x00007ffad7b7a000 	C:\Windows\System32\cfgmgr32.dll
0x00007ffad7a30000 - 0x00007ffad7a41000 	C:\Windows\System32\kernel.appcore.dll
0x00007ffac6800000 - 0x00007ffac6811000 	C:\Program Files\Android\Android Studio\jre\bin\verify.dll
0x00007ffabc140000 - 0x00007ffabc32d000 	C:\Windows\SYSTEM32\DBGHELP.DLL
0x00007ffabb650000 - 0x00007ffabb67a000 	C:\Windows\SYSTEM32\dbgcore.DLL
0x00007ffac5ca0000 - 0x00007ffac5cc9000 	C:\Program Files\Android\Android Studio\jre\bin\java.dll
0x00007ffad42f0000 - 0x00007ffad42fb000 	C:\Program Files\Android\Android Studio\jre\bin\jimage.dll
0x00007ffac67e0000 - 0x00007ffac67f8000 	C:\Program Files\Android\Android Studio\jre\bin\zip.dll
0x00007ffada4c0000 - 0x00007ffadb9b9000 	C:\Windows\System32\SHELL32.dll
0x00007ffad9900000 - 0x00007ffad99a8000 	C:\Windows\System32\shcore.dll
0x00007ffad8070000 - 0x00007ffad87b8000 	C:\Windows\System32\windows.storage.dll
0x00007ffad7a70000 - 0x00007ffad7a94000 	C:\Windows\System32\profapi.dll
0x00007ffad7aa0000 - 0x00007ffad7afd000 	C:\Windows\System32\powrprof.dll
0x00007ffad8ea0000 - 0x00007ffad8ef2000 	C:\Windows\System32\shlwapi.dll
0x00007ffad8c10000 - 0x00007ffad8c27000 	C:\Windows\System32\cryptsp.dll
0x00007ffac5c80000 - 0x00007ffac5c9a000 	C:\Program Files\Android\Android Studio\jre\bin\net.dll
0x00007ffac9b00000 - 0x00007ffac9bf1000 	C:\Windows\SYSTEM32\WINHTTP.dll
0x00007ffad7280000 - 0x00007ffad72e7000 	C:\Windows\system32\mswsock.dll
0x00007ffac5c60000 - 0x00007ffac5c74000 	C:\Program Files\Android\Android Studio\jre\bin\nio.dll
0x00007ffac88f0000 - 0x00007ffac8917000 	C:\Users\mzenin\.gradle\native\8bec1ad78214c89d9ad589b4d07fe93259594b29d510b10fafb7a158f7737e5d\windows-amd64\native-platform.dll
0x00007ffaa1a30000 - 0x00007ffaa1b6d000 	C:\Users\mzenin\.gradle\native\53dbd7edfb1c66fb8903c78663c9afc45aea4f116125fa6feffd364cf09443e8\windows-amd64\native-platform-file-events.dll
0x00007ffac5c50000 - 0x00007ffac5c5a000 	C:\Program Files\Android\Android Studio\jre\bin\management.dll
0x00007ffac5c40000 - 0x00007ffac5c4c000 	C:\Program Files\Android\Android Studio\jre\bin\management_ext.dll
0x00007ffad6b90000 - 0x00007ffad6bc3000 	C:\Windows\system32\rsaenh.dll
0x00007ffad7b00000 - 0x00007ffad7b26000 	C:\Windows\System32\bcrypt.dll
0x00007ffad7930000 - 0x00007ffad7959000 	C:\Windows\SYSTEM32\USERENV.dll
0x00007ffad7450000 - 0x00007ffad745c000 	C:\Windows\SYSTEM32\CRYPTBASE.dll
0x00007ffad6f90000 - 0x00007ffad6fce000 	C:\Windows\SYSTEM32\IPHLPAPI.DLL
0x00007ffad9cd0000 - 0x00007ffad9cd8000 	C:\Windows\System32\NSI.dll
0x00007ffaca5a0000 - 0x00007ffaca5b6000 	C:\Windows\SYSTEM32\dhcpcsvc6.DLL
0x00007ffaca580000 - 0x00007ffaca59c000 	C:\Windows\SYSTEM32\dhcpcsvc.DLL
0x00007ffad6fd0000 - 0x00007ffad7096000 	C:\Windows\SYSTEM32\DNSAPI.dll

dbghelp: loaded successfully - version: 4.0.5 - missing functions: none
symbol engine: initialized successfully - sym options: 0x614 - pdb path: .;C:\Program Files\Android\Android Studio\jre\bin;C:\Windows\SYSTEM32;C:\Windows\WinSxS\amd64_microsoft.windows.common-controls_6595b64144ccf1df_6.0.17763.2565_none_de7373805349545e;C:\Program Files\Android\Android Studio\jre\bin\server;C:\Users\mzenin\.gradle\native\8bec1ad78214c89d9ad589b4d07fe93259594b29d510b10fafb7a158f7737e5d\windows-amd64;C:\Users\mzenin\.gradle\native\53dbd7edfb1c66fb8903c78663c9afc45aea4f116125fa6feffd364cf09443e8\windows-amd64

VM Arguments:
jvm_args: --add-opens=java.base/java.util=ALL-UNNAMED --add-opens=java.base/java.lang=ALL-UNNAMED --add-opens=java.base/java.lang.invoke=ALL-UNNAMED --add-opens=java.base/java.util=ALL-UNNAMED --add-opens=java.prefs/java.util.prefs=ALL-UNNAMED --add-opens=java.prefs/java.util.prefs=ALL-UNNAMED --add-opens=java.base/java.nio.charset=ALL-UNNAMED --add-opens=java.base/java.net=ALL-UNNAMED --add-opens=java.base/java.util.concurrent.atomic=ALL-UNNAMED -Xmx2048m -Dfile.encoding=UTF-8 -Duser.country=RU -Duser.language=ru -Duser.variant 
java_command: org.gradle.launcher.daemon.bootstrap.GradleDaemon 7.0.2
java_class_path (initial): C:\Users\mzenin\.gradle\wrapper\dists\gradle-7.0.2-bin\857tjihv64xamwrf0h14cai3r\gradle-7.0.2\lib\gradle-launcher-7.0.2.jar
Launcher Type: SUN_STANDARD

[Global flags]
     intx CICompilerCount                          = 3                                         {product} {ergonomic}
     uint ConcGCThreads                            = 1                                         {product} {ergonomic}
     uint G1ConcRefinementThreads                  = 4                                         {product} {ergonomic}
   size_t G1HeapRegionSize                         = 1048576                                   {product} {ergonomic}
    uintx GCDrainStackTargetSize                   = 64                                        {product} {ergonomic}
   size_t InitialHeapSize                          = 100663296                                 {product} {ergonomic}
   size_t MarkStackSize                            = 4194304                                   {product} {ergonomic}
   size_t MaxHeapSize                              = 2147483648                                {product} {command line}
   size_t MaxNewSize                               = 1287651328                                {product} {ergonomic}
   size_t MinHeapDeltaBytes                        = 1048576                                   {product} {ergonomic}
    uintx NonNMethodCodeHeapSize                   = 5830732                                {pd product} {ergonomic}
    uintx NonProfiledCodeHeapSize                  = 122913754                              {pd product} {ergonomic}
    uintx ProfiledCodeHeapSize                     = 122913754                              {pd product} {ergonomic}
    uintx ReservedCodeCacheSize                    = 251658240                              {pd product} {ergonomic}
     bool SegmentedCodeCache                       = true                                      {product} {ergonomic}
     bool UseCompressedClassPointers               = true                                 {lp64_product} {ergonomic}
     bool UseCompressedOops                        = true                                 {lp64_product} {ergonomic}
     bool UseG1GC                                  = true                                      {product} {ergonomic}
     bool UseLargePagesIndividualAllocation        = false                                  {pd product} {ergonomic}

Logging:
Log output configuration:
 #0: stdout all=warning uptime,level,tags
 #1: stderr all=off uptime,level,tags

Environment Variables:
PATH=C:\Program Files\Common Files\Oracle\Java\javapath;C:\Program Files (x86)\NVIDIA Corporation\PhysX\Common;C:\Program Files (x86)\Common Files\Oracle\Java\javapath;C:\Windows\system32;C:\Windows;C:\Windows\System32\Wbem;C:\Windows\System32\WindowsPowerShell\v1.0\;C:\Windows\System32\OpenSSH\;C:\Program Files (x86)\Common Files\Acronis\SnapAPI\;C:\Program Files\Intel\WiFi\bin\;C:\Program Files\Common Files\Intel\WirelessCommon\;C:\Program Files\PuTTY\;C:\Program Files\Git\cmd;C:\Program Files\JavaProjects\tools\apache-maven-3.8.2\bin;C:\Program Files\MySQL\MySQL Shell 8.0\bin\;C:\Users\mzenin\AppData\Local\Microsoft\WindowsApps;C:\Program Files\Intel\WiFi\bin\;C:\Program Files\Common Files\Intel\WirelessCommon\;C:\Program Files\JetBrains\IntelliJ IDEA Community Edition 2021.2.1\bin;;C:\Users\mzenin\AppData\Local\GitHubDesktop\bin
USERNAME=mzenin
OS=Windows_NT
PROCESSOR_IDENTIFIER=Intel64 Family 6 Model 78 Stepping 3, GenuineIntel



---------------  S Y S T E M  ---------------

OS: Windows 10 , 64 bit Build 17763 (10.0.17763.2452)
OS uptime: 0 days 8:17 hours

CPU:total 4 (initial active 4) (2 cores per cpu, 2 threads per core) family 6 model 78 stepping 3 microcode 0xd6, cmov, cx8, fxsr, mmx, sse, sse2, sse3, ssse3, sse4.1, sse4.2, popcnt, avx, avx2, aes, clmul, erms, 3dnowpref, lzcnt, ht, tsc, tscinvbit, bmi1, bmi2, adx, fma

Memory: 4k page, system-wide physical 6017M (223M free)
TotalPageFile size 11017M (AvailPageFile size 21M)
current process WorkingSet (physical memory assigned to process): 392M, peak: 465M
current process commit charge ("private bytes"): 631M, peak: 902M

vm_info: OpenJDK 64-Bit Server VM (11.0.10+0-b96-7249189) for windows-amd64 JRE (11.0.10+0-b96-7249189), built on Mar 31 2021 21:44:00 by "builder" with MS VC++ 14.0 (VS2015)

END.
